{"/home/hermes/workspace-dev/proposals/card-game-prototype/ai-memory.js": {"path":"/home/hermes/workspace-dev/proposals/card-game-prototype/ai-memory.js","statementMap":{"0":{"start":{"line":11,"column":4},"end":{"line":11,"column":17}},"1":{"start":{"line":12,"column":4},"end":{"line":12,"column":17}},"2":{"start":{"line":13,"column":4},"end":{"line":13,"column":30}},"3":{"start":{"line":14,"column":4},"end":{"line":14,"column":31}},"4":{"start":{"line":15,"column":4},"end":{"line":15,"column":17}},"5":{"start":{"line":16,"column":4},"end":{"line":16,"column":20}},"6":{"start":{"line":17,"column":4},"end":{"line":17,"column":29}},"7":{"start":{"line":18,"column":4},"end":{"line":18,"column":17}},"8":{"start":{"line":23,"column":4},"end":{"line":23,"column":58}},"9":{"start":{"line":23,"column":31},"end":{"line":23,"column":58}},"10":{"start":{"line":24,"column":4},"end":{"line":24,"column":63}},"11":{"start":{"line":24,"column":33},"end":{"line":24,"column":63}},"12":{"start":{"line":25,"column":4},"end":{"line":25,"column":56}},"13":{"start":{"line":25,"column":31},"end":{"line":25,"column":56}},"14":{"start":{"line":26,"column":4},"end":{"line":26,"column":48}},"15":{"start":{"line":26,"column":26},"end":{"line":26,"column":48}},"16":{"start":{"line":27,"column":4},"end":{"line":27,"column":65}},"17":{"start":{"line":27,"column":35},"end":{"line":27,"column":65}},"18":{"start":{"line":28,"column":4},"end":{"line":28,"column":28}},"19":{"start":{"line":31,"column":4},"end":{"line":31,"column":39}},"20":{"start":{"line":36,"column":4},"end":{"line":57,"column":6}},"21":{"start":{"line":58,"column":4},"end":{"line":58,"column":19}},"22":{"start":{"line":61,"column":12},"end":{"line":61,"column":27}},"23":{"start":{"line":65,"column":4},"end":{"line":65,"column":34}},"24":{"start":{"line":65,"column":27},"end":{"line":65,"column":34}},"25":{"start":{"line":66,"column":4},"end":{"line":66,"column":24}},"26":{"start":{"line":66,"column":17},"end":{"line":66,"column":24}},"27":{"start":{"line":68,"column":20},"end":{"line":88,"column":5}},"28":{"start":{"line":90,"column":4},"end":{"line":90,"column":29}},"29":{"start":{"line":91,"column":4},"end":{"line":93,"column":5}},"30":{"start":{"line":92,"column":6},"end":{"line":92,"column":45}},"31":{"start":{"line":95,"column":4},"end":{"line":95,"column":28}},"32":{"start":{"line":96,"column":4},"end":{"line":96,"column":34}},"33":{"start":{"line":97,"column":4},"end":{"line":97,"column":37}},"34":{"start":{"line":101,"column":4},"end":{"line":101,"column":32}},"35":{"start":{"line":101,"column":15},"end":{"line":101,"column":32}},"36":{"start":{"line":102,"column":14},"end":{"line":102,"column":43}},"37":{"start":{"line":103,"column":4},"end":{"line":103,"column":81}},"38":{"start":{"line":103,"column":67},"end":{"line":103,"column":81}},"39":{"start":{"line":104,"column":4},"end":{"line":104,"column":84}},"40":{"start":{"line":104,"column":69},"end":{"line":104,"column":84}},"41":{"start":{"line":105,"column":4},"end":{"line":105,"column":85}},"42":{"start":{"line":105,"column":70},"end":{"line":105,"column":85}},"43":{"start":{"line":106,"column":4},"end":{"line":106,"column":84}},"44":{"start":{"line":106,"column":69},"end":{"line":106,"column":84}},"45":{"start":{"line":107,"column":4},"end":{"line":107,"column":64}},"46":{"start":{"line":107,"column":49},"end":{"line":107,"column":64}},"47":{"start":{"line":108,"column":4},"end":{"line":108,"column":65}},"48":{"start":{"line":108,"column":49},"end":{"line":108,"column":65}},"49":{"start":{"line":109,"column":4},"end":{"line":109,"column":20}},"50":{"start":{"line":113,"column":16},"end":{"line":113,"column":42}},"51":{"start":{"line":114,"column":20},"end":{"line":114,"column":64}},"52":{"start":{"line":115,"column":4},"end":{"line":115,"column":61}},"53":{"start":{"line":116,"column":4},"end":{"line":116,"column":43}},"54":{"start":{"line":120,"column":18},"end":{"line":120,"column":30}},"55":{"start":{"line":121,"column":4},"end":{"line":123,"column":5}},"56":{"start":{"line":122,"column":6},"end":{"line":122,"column":70}},"57":{"start":{"line":122,"column":36},"end":{"line":122,"column":68}},"58":{"start":{"line":124,"column":4},"end":{"line":126,"column":5}},"59":{"start":{"line":125,"column":6},"end":{"line":125,"column":66}},"60":{"start":{"line":125,"column":36},"end":{"line":125,"column":64}},"61":{"start":{"line":127,"column":4},"end":{"line":129,"column":5}},"62":{"start":{"line":128,"column":6},"end":{"line":128,"column":49}},"63":{"start":{"line":130,"column":4},"end":{"line":130,"column":19}},"64":{"start":{"line":135,"column":16},"end":{"line":135,"column":35}},"65":{"start":{"line":136,"column":4},"end":{"line":138,"column":5}},"66":{"start":{"line":137,"column":6},"end":{"line":137,"column":70}},"67":{"start":{"line":139,"column":4},"end":{"line":141,"column":5}},"68":{"start":{"line":140,"column":6},"end":{"line":140,"column":56}},"69":{"start":{"line":142,"column":4},"end":{"line":145,"column":7}},"70":{"start":{"line":146,"column":4},"end":{"line":146,"column":34}},"71":{"start":{"line":147,"column":4},"end":{"line":147,"column":37}},"72":{"start":{"line":151,"column":18},"end":{"line":151,"column":38}},"73":{"start":{"line":152,"column":4},"end":{"line":158,"column":5}},"74":{"start":{"line":153,"column":24},"end":{"line":153,"column":45}},"75":{"start":{"line":154,"column":6},"end":{"line":157,"column":7}},"76":{"start":{"line":155,"column":20},"end":{"line":155,"column":84}},"77":{"start":{"line":155,"column":47},"end":{"line":155,"column":61}},"78":{"start":{"line":156,"column":8},"end":{"line":156,"column":75}},"79":{"start":{"line":162,"column":20},"end":{"line":162,"column":22}},"80":{"start":{"line":163,"column":4},"end":{"line":172,"column":5}},"81":{"start":{"line":164,"column":6},"end":{"line":171,"column":7}},"82":{"start":{"line":165,"column":22},"end":{"line":165,"column":42}},"83":{"start":{"line":166,"column":8},"end":{"line":170,"column":9}},"84":{"start":{"line":167,"column":27},"end":{"line":167,"column":66}},"85":{"start":{"line":168,"column":28},"end":{"line":168,"column":87}},"86":{"start":{"line":169,"column":10},"end":{"line":169,"column":70}},"87":{"start":{"line":173,"column":4},"end":{"line":173,"column":59}},"88":{"start":{"line":173,"column":34},"end":{"line":173,"column":57}},"89":{"start":{"line":178,"column":4},"end":{"line":178,"column":35}},"90":{"start":{"line":178,"column":28},"end":{"line":178,"column":35}},"91":{"start":{"line":180,"column":26},"end":{"line":180,"column":46}},"92":{"start":{"line":181,"column":4},"end":{"line":197,"column":5}},"93":{"start":{"line":182,"column":6},"end":{"line":182,"column":67}},"94":{"start":{"line":182,"column":58},"end":{"line":182,"column":67}},"95":{"start":{"line":183,"column":6},"end":{"line":183,"column":61}},"96":{"start":{"line":183,"column":52},"end":{"line":183,"column":61}},"97":{"start":{"line":185,"column":22},"end":{"line":185,"column":43}},"98":{"start":{"line":186,"column":23},"end":{"line":186,"column":47}},"99":{"start":{"line":187,"column":21},"end":{"line":187,"column":51}},"100":{"start":{"line":189,"column":6},"end":{"line":196,"column":7}},"101":{"start":{"line":190,"column":27},"end":{"line":190,"column":61}},"102":{"start":{"line":191,"column":8},"end":{"line":193,"column":9}},"103":{"start":{"line":192,"column":10},"end":{"line":192,"column":92}},"104":{"start":{"line":194,"column":8},"end":{"line":194,"column":45}},"105":{"start":{"line":195,"column":8},"end":{"line":195,"column":68}},"106":{"start":{"line":195,"column":27},"end":{"line":195,"column":68}},"107":{"start":{"line":199,"column":4},"end":{"line":202,"column":5}},"108":{"start":{"line":200,"column":16},"end":{"line":200,"column":37}},"109":{"start":{"line":201,"column":6},"end":{"line":201,"column":64}},"110":{"start":{"line":206,"column":20},"end":{"line":206,"column":42}},"111":{"start":{"line":207,"column":21},"end":{"line":207,"column":45}},"112":{"start":{"line":209,"column":18},"end":{"line":209,"column":20}},"113":{"start":{"line":210,"column":4},"end":{"line":214,"column":5}},"114":{"start":{"line":211,"column":6},"end":{"line":213,"column":7}},"115":{"start":{"line":212,"column":8},"end":{"line":212,"column":56}},"116":{"start":{"line":215,"column":4},"end":{"line":215,"column":89}},"117":{"start":{"line":215,"column":34},"end":{"line":215,"column":87}},"118":{"start":{"line":220,"column":4},"end":{"line":220,"column":59}},"119":{"start":{"line":222,"column":22},"end":{"line":222,"column":59}},"120":{"start":{"line":222,"column":42},"end":{"line":222,"column":51}},"121":{"start":{"line":223,"column":4},"end":{"line":223,"column":55}},"122":{"start":{"line":225,"column":22},"end":{"line":225,"column":51}},"123":{"start":{"line":226,"column":4},"end":{"line":228,"column":5}},"124":{"start":{"line":227,"column":6},"end":{"line":227,"column":89}},"125":{"start":{"line":229,"column":20},"end":{"line":229,"column":55}},"126":{"start":{"line":230,"column":4},"end":{"line":230,"column":20}},"127":{"start":{"line":231,"column":4},"end":{"line":231,"column":40}},"128":{"start":{"line":231,"column":25},"end":{"line":231,"column":40}},"129":{"start":{"line":232,"column":4},"end":{"line":232,"column":75}},"130":{"start":{"line":233,"column":4},"end":{"line":233,"column":42}},"131":{"start":{"line":237,"column":17},"end":{"line":242,"column":5}},"132":{"start":{"line":243,"column":4},"end":{"line":245,"column":5}},"133":{"start":{"line":244,"column":6},"end":{"line":244,"column":65}},"134":{"start":{"line":246,"column":4},"end":{"line":246,"column":16}},"135":{"start":{"line":251,"column":20},"end":{"line":251,"column":73}},"136":{"start":{"line":252,"column":25},"end":{"line":252,"column":86}},"137":{"start":{"line":253,"column":19},"end":{"line":253,"column":68}},"138":{"start":{"line":254,"column":22},"end":{"line":254,"column":51}},"139":{"start":{"line":256,"column":21},"end":{"line":256,"column":24}},"140":{"start":{"line":257,"column":4},"end":{"line":257,"column":55}},"141":{"start":{"line":257,"column":38},"end":{"line":257,"column":55}},"142":{"start":{"line":258,"column":4},"end":{"line":258,"column":40}},"143":{"start":{"line":258,"column":23},"end":{"line":258,"column":40}},"144":{"start":{"line":259,"column":4},"end":{"line":259,"column":45}},"145":{"start":{"line":259,"column":28},"end":{"line":259,"column":45}},"146":{"start":{"line":261,"column":23},"end":{"line":261,"column":46}},"147":{"start":{"line":262,"column":4},"end":{"line":267,"column":5}},"148":{"start":{"line":263,"column":25},"end":{"line":263,"column":38}},"149":{"start":{"line":264,"column":6},"end":{"line":266,"column":7}},"150":{"start":{"line":265,"column":8},"end":{"line":265,"column":90}},"151":{"start":{"line":269,"column":19},"end":{"line":269,"column":40}},"152":{"start":{"line":270,"column":4},"end":{"line":272,"column":5}},"153":{"start":{"line":271,"column":6},"end":{"line":271,"column":45}},"154":{"start":{"line":274,"column":4},"end":{"line":281,"column":6}},"155":{"start":{"line":286,"column":4},"end":{"line":286,"column":34}},"156":{"start":{"line":286,"column":27},"end":{"line":286,"column":34}},"157":{"start":{"line":288,"column":4},"end":{"line":324,"column":7}},"158":{"start":{"line":289,"column":6},"end":{"line":323,"column":7}},"159":{"start":{"line":290,"column":20},"end":{"line":290,"column":51}},"160":{"start":{"line":291,"column":8},"end":{"line":291,"column":46}},"161":{"start":{"line":291,"column":28},"end":{"line":291,"column":45}},"162":{"start":{"line":292,"column":8},"end":{"line":314,"column":10}},"163":{"start":{"line":293,"column":21},"end":{"line":293,"column":31}},"164":{"start":{"line":294,"column":10},"end":{"line":297,"column":11}},"165":{"start":{"line":295,"column":12},"end":{"line":295,"column":22}},"166":{"start":{"line":296,"column":12},"end":{"line":296,"column":19}},"167":{"start":{"line":298,"column":21},"end":{"line":298,"column":57}},"168":{"start":{"line":299,"column":24},"end":{"line":299,"column":48}},"169":{"start":{"line":300,"column":25},"end":{"line":300,"column":46}},"170":{"start":{"line":301,"column":10},"end":{"line":312,"column":12}},"171":{"start":{"line":302,"column":12},"end":{"line":310,"column":13}},"172":{"start":{"line":303,"column":27},"end":{"line":303,"column":45}},"173":{"start":{"line":304,"column":14},"end":{"line":304,"column":38}},"174":{"start":{"line":305,"column":14},"end":{"line":305,"column":38}},"175":{"start":{"line":306,"column":14},"end":{"line":306,"column":51}},"176":{"start":{"line":307,"column":14},"end":{"line":307,"column":52}},"177":{"start":{"line":308,"column":14},"end":{"line":308,"column":38}},"178":{"start":{"line":309,"column":14},"end":{"line":309,"column":143}},"179":{"start":{"line":311,"column":12},"end":{"line":311,"column":22}},"180":{"start":{"line":313,"column":10},"end":{"line":313,"column":54}},"181":{"start":{"line":313,"column":33},"end":{"line":313,"column":53}},"182":{"start":{"line":315,"column":8},"end":{"line":320,"column":10}},"183":{"start":{"line":316,"column":21},"end":{"line":316,"column":36}},"184":{"start":{"line":317,"column":10},"end":{"line":319,"column":11}},"185":{"start":{"line":318,"column":12},"end":{"line":318,"column":62}},"186":{"start":{"line":322,"column":8},"end":{"line":322,"column":18}},"187":{"start":{"line":328,"column":4},"end":{"line":328,"column":34}},"188":{"start":{"line":328,"column":27},"end":{"line":328,"column":34}},"189":{"start":{"line":330,"column":4},"end":{"line":367,"column":7}},"190":{"start":{"line":331,"column":6},"end":{"line":366,"column":7}},"191":{"start":{"line":332,"column":20},"end":{"line":332,"column":51}},"192":{"start":{"line":333,"column":8},"end":{"line":333,"column":46}},"193":{"start":{"line":333,"column":28},"end":{"line":333,"column":45}},"194":{"start":{"line":334,"column":8},"end":{"line":357,"column":10}},"195":{"start":{"line":335,"column":21},"end":{"line":335,"column":31}},"196":{"start":{"line":336,"column":21},"end":{"line":336,"column":58}},"197":{"start":{"line":338,"column":10},"end":{"line":343,"column":11}},"198":{"start":{"line":339,"column":12},"end":{"line":339,"column":45}},"199":{"start":{"line":341,"column":12},"end":{"line":341,"column":22}},"200":{"start":{"line":342,"column":12},"end":{"line":342,"column":19}},"201":{"start":{"line":344,"column":10},"end":{"line":354,"column":13}},"202":{"start":{"line":355,"column":10},"end":{"line":355,"column":42}},"203":{"start":{"line":355,"column":32},"end":{"line":355,"column":41}},"204":{"start":{"line":356,"column":10},"end":{"line":356,"column":46}},"205":{"start":{"line":356,"column":29},"end":{"line":356,"column":45}},"206":{"start":{"line":358,"column":8},"end":{"line":363,"column":10}},"207":{"start":{"line":359,"column":21},"end":{"line":359,"column":36}},"208":{"start":{"line":360,"column":10},"end":{"line":362,"column":11}},"209":{"start":{"line":361,"column":12},"end":{"line":361,"column":62}},"210":{"start":{"line":365,"column":8},"end":{"line":365,"column":18}},"211":{"start":{"line":372,"column":4},"end":{"line":381,"column":6}},"212":{"start":{"line":385,"column":4},"end":{"line":385,"column":17}},"213":{"start":{"line":386,"column":4},"end":{"line":386,"column":17}},"214":{"start":{"line":387,"column":4},"end":{"line":387,"column":30}},"215":{"start":{"line":388,"column":4},"end":{"line":388,"column":31}},"216":{"start":{"line":389,"column":4},"end":{"line":389,"column":111}},"217":{"start":{"line":390,"column":4},"end":{"line":390,"column":37}},"218":{"start":{"line":391,"column":4},"end":{"line":391,"column":49}},"219":{"start":{"line":396,"column":0},"end":{"line":396,"column":27}},"220":{"start":{"line":400,"column":0},"end":{"line":456,"column":2}},"221":{"start":{"line":402,"column":21},"end":{"line":402,"column":23}},"222":{"start":{"line":403,"column":17},"end":{"line":403,"column":18}},"223":{"start":{"line":404,"column":21},"end":{"line":404,"column":22}},"224":{"start":{"line":405,"column":17},"end":{"line":405,"column":19}},"225":{"start":{"line":407,"column":2},"end":{"line":421,"column":3}},"226":{"start":{"line":408,"column":4},"end":{"line":420,"column":5}},"227":{"start":{"line":409,"column":26},"end":{"line":409,"column":76}},"228":{"start":{"line":410,"column":6},"end":{"line":413,"column":7}},"229":{"start":{"line":411,"column":25},"end":{"line":411,"column":39}},"230":{"start":{"line":412,"column":8},"end":{"line":412,"column":63}},"231":{"start":{"line":414,"column":6},"end":{"line":419,"column":7}},"232":{"start":{"line":415,"column":8},"end":{"line":415,"column":23}},"233":{"start":{"line":416,"column":8},"end":{"line":416,"column":52}},"234":{"start":{"line":418,"column":8},"end":{"line":418,"column":25}},"235":{"start":{"line":424,"column":2},"end":{"line":427,"column":20}},"236":{"start":{"line":425,"column":20},"end":{"line":425,"column":31}},"237":{"start":{"line":427,"column":14},"end":{"line":427,"column":18}},"238":{"start":{"line":429,"column":20},"end":{"line":429,"column":21}},"239":{"start":{"line":429,"column":37},"end":{"line":429,"column":38}},"240":{"start":{"line":429,"column":54},"end":{"line":429,"column":55}},"241":{"start":{"line":430,"column":2},"end":{"line":438,"column":3}},"242":{"start":{"line":431,"column":4},"end":{"line":437,"column":5}},"243":{"start":{"line":432,"column":23},"end":{"line":432,"column":61}},"244":{"start":{"line":433,"column":6},"end":{"line":433,"column":57}},"245":{"start":{"line":433,"column":20},"end":{"line":433,"column":57}},"246":{"start":{"line":434,"column":25},"end":{"line":434,"column":63}},"247":{"start":{"line":435,"column":6},"end":{"line":435,"column":61}},"248":{"start":{"line":435,"column":22},"end":{"line":435,"column":61}},"249":{"start":{"line":436,"column":6},"end":{"line":436,"column":86}},"250":{"start":{"line":436,"column":72},"end":{"line":436,"column":86}},"251":{"start":{"line":440,"column":2},"end":{"line":455,"column":4}}},"fnMap":{"0":{"name":"(anonymous_0)","decl":{"start":{"line":10,"column":2},"end":{"line":10,"column":3}},"loc":{"start":{"line":10,"column":16},"end":{"line":19,"column":3}},"line":10},"1":{"name":"(anonymous_1)","decl":{"start":{"line":21,"column":2},"end":{"line":21,"column":3}},"loc":{"start":{"line":21,"column":10},"end":{"line":32,"column":3}},"line":21},"2":{"name":"(anonymous_2)","decl":{"start":{"line":31,"column":29},"end":{"line":31,"column":30}},"loc":{"start":{"line":31,"column":35},"end":{"line":31,"column":37}},"line":31},"3":{"name":"(anonymous_3)","decl":{"start":{"line":35,"column":2},"end":{"line":35,"column":3}},"loc":{"start":{"line":35,"column":31},"end":{"line":59,"column":3}},"line":35},"4":{"name":"(anonymous_4)","decl":{"start":{"line":61,"column":2},"end":{"line":61,"column":3}},"loc":{"start":{"line":61,"column":10},"end":{"line":61,"column":29}},"line":61},"5":{"name":"(anonymous_5)","decl":{"start":{"line":64,"column":2},"end":{"line":64,"column":3}},"loc":{"start":{"line":64,"column":25},"end":{"line":98,"column":3}},"line":64},"6":{"name":"(anonymous_6)","decl":{"start":{"line":97,"column":27},"end":{"line":97,"column":28}},"loc":{"start":{"line":97,"column":33},"end":{"line":97,"column":35}},"line":97},"7":{"name":"(anonymous_7)","decl":{"start":{"line":100,"column":2},"end":{"line":100,"column":3}},"loc":{"start":{"line":100,"column":23},"end":{"line":110,"column":3}},"line":100},"8":{"name":"(anonymous_8)","decl":{"start":{"line":112,"column":2},"end":{"line":112,"column":3}},"loc":{"start":{"line":112,"column":27},"end":{"line":117,"column":3}},"line":112},"9":{"name":"(anonymous_9)","decl":{"start":{"line":119,"column":2},"end":{"line":119,"column":3}},"loc":{"start":{"line":119,"column":21},"end":{"line":131,"column":3}},"line":119},"10":{"name":"(anonymous_10)","decl":{"start":{"line":122,"column":31},"end":{"line":122,"column":32}},"loc":{"start":{"line":122,"column":36},"end":{"line":122,"column":68}},"line":122},"11":{"name":"(anonymous_11)","decl":{"start":{"line":125,"column":31},"end":{"line":125,"column":32}},"loc":{"start":{"line":125,"column":36},"end":{"line":125,"column":64}},"line":125},"12":{"name":"(anonymous_12)","decl":{"start":{"line":134,"column":2},"end":{"line":134,"column":3}},"loc":{"start":{"line":134,"column":64},"end":{"line":148,"column":3}},"line":134},"13":{"name":"(anonymous_13)","decl":{"start":{"line":147,"column":27},"end":{"line":147,"column":28}},"loc":{"start":{"line":147,"column":33},"end":{"line":147,"column":35}},"line":147},"14":{"name":"(anonymous_14)","decl":{"start":{"line":150,"column":2},"end":{"line":150,"column":3}},"loc":{"start":{"line":150,"column":27},"end":{"line":159,"column":3}},"line":150},"15":{"name":"(anonymous_15)","decl":{"start":{"line":155,"column":37},"end":{"line":155,"column":38}},"loc":{"start":{"line":155,"column":47},"end":{"line":155,"column":61}},"line":155},"16":{"name":"(anonymous_16)","decl":{"start":{"line":161,"column":2},"end":{"line":161,"column":3}},"loc":{"start":{"line":161,"column":16},"end":{"line":174,"column":3}},"line":161},"17":{"name":"(anonymous_17)","decl":{"start":{"line":173,"column":24},"end":{"line":173,"column":25}},"loc":{"start":{"line":173,"column":34},"end":{"line":173,"column":57}},"line":173},"18":{"name":"(anonymous_18)","decl":{"start":{"line":177,"column":2},"end":{"line":177,"column":3}},"loc":{"start":{"line":177,"column":27},"end":{"line":203,"column":3}},"line":177},"19":{"name":"(anonymous_19)","decl":{"start":{"line":205,"column":2},"end":{"line":205,"column":3}},"loc":{"start":{"line":205,"column":22},"end":{"line":216,"column":3}},"line":205},"20":{"name":"(anonymous_20)","decl":{"start":{"line":215,"column":24},"end":{"line":215,"column":25}},"loc":{"start":{"line":215,"column":34},"end":{"line":215,"column":87}},"line":215},"21":{"name":"(anonymous_21)","decl":{"start":{"line":219,"column":2},"end":{"line":219,"column":3}},"loc":{"start":{"line":219,"column":21},"end":{"line":234,"column":3}},"line":219},"22":{"name":"(anonymous_22)","decl":{"start":{"line":222,"column":37},"end":{"line":222,"column":38}},"loc":{"start":{"line":222,"column":42},"end":{"line":222,"column":51}},"line":222},"23":{"name":"(anonymous_23)","decl":{"start":{"line":236,"column":2},"end":{"line":236,"column":3}},"loc":{"start":{"line":236,"column":19},"end":{"line":247,"column":3}},"line":236},"24":{"name":"(anonymous_24)","decl":{"start":{"line":250,"column":2},"end":{"line":250,"column":3}},"loc":{"start":{"line":250,"column":34},"end":{"line":282,"column":3}},"line":250},"25":{"name":"(anonymous_25)","decl":{"start":{"line":285,"column":2},"end":{"line":285,"column":3}},"loc":{"start":{"line":285,"column":22},"end":{"line":325,"column":3}},"line":285},"26":{"name":"(anonymous_26)","decl":{"start":{"line":288,"column":23},"end":{"line":288,"column":24}},"loc":{"start":{"line":288,"column":44},"end":{"line":324,"column":5}},"line":288},"27":{"name":"(anonymous_27)","decl":{"start":{"line":291,"column":22},"end":{"line":291,"column":23}},"loc":{"start":{"line":291,"column":28},"end":{"line":291,"column":45}},"line":291},"28":{"name":"(anonymous_28)","decl":{"start":{"line":292,"column":24},"end":{"line":292,"column":25}},"loc":{"start":{"line":292,"column":30},"end":{"line":314,"column":9}},"line":292},"29":{"name":"(anonymous_29)","decl":{"start":{"line":301,"column":29},"end":{"line":301,"column":30}},"loc":{"start":{"line":301,"column":35},"end":{"line":312,"column":11}},"line":301},"30":{"name":"(anonymous_30)","decl":{"start":{"line":313,"column":27},"end":{"line":313,"column":28}},"loc":{"start":{"line":313,"column":33},"end":{"line":313,"column":53}},"line":313},"31":{"name":"(anonymous_31)","decl":{"start":{"line":315,"column":30},"end":{"line":315,"column":31}},"loc":{"start":{"line":315,"column":37},"end":{"line":320,"column":9}},"line":315},"32":{"name":"(anonymous_32)","decl":{"start":{"line":327,"column":2},"end":{"line":327,"column":3}},"loc":{"start":{"line":327,"column":20},"end":{"line":368,"column":3}},"line":327},"33":{"name":"(anonymous_33)","decl":{"start":{"line":330,"column":23},"end":{"line":330,"column":24}},"loc":{"start":{"line":330,"column":44},"end":{"line":367,"column":5}},"line":330},"34":{"name":"(anonymous_34)","decl":{"start":{"line":333,"column":22},"end":{"line":333,"column":23}},"loc":{"start":{"line":333,"column":28},"end":{"line":333,"column":45}},"line":333},"35":{"name":"(anonymous_35)","decl":{"start":{"line":334,"column":24},"end":{"line":334,"column":25}},"loc":{"start":{"line":334,"column":30},"end":{"line":357,"column":9}},"line":334},"36":{"name":"(anonymous_36)","decl":{"start":{"line":355,"column":26},"end":{"line":355,"column":27}},"loc":{"start":{"line":355,"column":32},"end":{"line":355,"column":41}},"line":355},"37":{"name":"(anonymous_37)","decl":{"start":{"line":356,"column":23},"end":{"line":356,"column":24}},"loc":{"start":{"line":356,"column":29},"end":{"line":356,"column":45}},"line":356},"38":{"name":"(anonymous_38)","decl":{"start":{"line":358,"column":30},"end":{"line":358,"column":31}},"loc":{"start":{"line":358,"column":37},"end":{"line":363,"column":9}},"line":358},"39":{"name":"(anonymous_39)","decl":{"start":{"line":371,"column":2},"end":{"line":371,"column":3}},"loc":{"start":{"line":371,"column":13},"end":{"line":382,"column":3}},"line":371},"40":{"name":"(anonymous_40)","decl":{"start":{"line":384,"column":2},"end":{"line":384,"column":3}},"loc":{"start":{"line":384,"column":10},"end":{"line":392,"column":3}},"line":384},"41":{"name":"(anonymous_41)","decl":{"start":{"line":390,"column":27},"end":{"line":390,"column":28}},"loc":{"start":{"line":390,"column":33},"end":{"line":390,"column":35}},"line":390},"42":{"name":"(anonymous_42)","decl":{"start":{"line":400,"column":28},"end":{"line":400,"column":29}},"loc":{"start":{"line":400,"column":42},"end":{"line":456,"column":1}},"line":400},"43":{"name":"(anonymous_43)","decl":{"start":{"line":425,"column":10},"end":{"line":425,"column":11}},"loc":{"start":{"line":425,"column":20},"end":{"line":425,"column":31}},"line":425},"44":{"name":"(anonymous_44)","decl":{"start":{"line":427,"column":9},"end":{"line":427,"column":10}},"loc":{"start":{"line":427,"column":14},"end":{"line":427,"column":18}},"line":427}},"branchMap":{"0":{"loc":{"start":{"line":23,"column":4},"end":{"line":23,"column":58}},"type":"if","locations":[{"start":{"line":23,"column":4},"end":{"line":23,"column":58}},{"start":{},"end":{}}],"line":23},"1":{"loc":{"start":{"line":24,"column":4},"end":{"line":24,"column":63}},"type":"if","locations":[{"start":{"line":24,"column":4},"end":{"line":24,"column":63}},{"start":{},"end":{}}],"line":24},"2":{"loc":{"start":{"line":25,"column":4},"end":{"line":25,"column":56}},"type":"if","locations":[{"start":{"line":25,"column":4},"end":{"line":25,"column":56}},{"start":{},"end":{}}],"line":25},"3":{"loc":{"start":{"line":26,"column":4},"end":{"line":26,"column":48}},"type":"if","locations":[{"start":{"line":26,"column":4},"end":{"line":26,"column":48}},{"start":{},"end":{}}],"line":26},"4":{"loc":{"start":{"line":27,"column":4},"end":{"line":27,"column":65}},"type":"if","locations":[{"start":{"line":27,"column":4},"end":{"line":27,"column":65}},{"start":{},"end":{}}],"line":27},"5":{"loc":{"start":{"line":38,"column":16},"end":{"line":38,"column":39}},"type":"binary-expr","locations":[{"start":{"line":38,"column":16},"end":{"line":38,"column":34}},{"start":{"line":38,"column":38},"end":{"line":38,"column":39}}],"line":38},"6":{"loc":{"start":{"line":39,"column":19},"end":{"line":39,"column":46}},"type":"binary-expr","locations":[{"start":{"line":39,"column":19},"end":{"line":39,"column":40}},{"start":{"line":39,"column":44},"end":{"line":39,"column":46}}],"line":39},"7":{"loc":{"start":{"line":40,"column":20},"end":{"line":40,"column":47}},"type":"binary-expr","locations":[{"start":{"line":40,"column":20},"end":{"line":40,"column":42}},{"start":{"line":40,"column":46},"end":{"line":40,"column":47}}],"line":40},"8":{"loc":{"start":{"line":41,"column":14},"end":{"line":41,"column":35}},"type":"binary-expr","locations":[{"start":{"line":41,"column":14},"end":{"line":41,"column":30}},{"start":{"line":41,"column":34},"end":{"line":41,"column":35}}],"line":41},"9":{"loc":{"start":{"line":42,"column":17},"end":{"line":42,"column":41}},"type":"binary-expr","locations":[{"start":{"line":42,"column":17},"end":{"line":42,"column":36}},{"start":{"line":42,"column":40},"end":{"line":42,"column":41}}],"line":42},"10":{"loc":{"start":{"line":43,"column":12},"end":{"line":43,"column":31}},"type":"binary-expr","locations":[{"start":{"line":43,"column":12},"end":{"line":43,"column":26}},{"start":{"line":43,"column":30},"end":{"line":43,"column":31}}],"line":43},"11":{"loc":{"start":{"line":44,"column":16},"end":{"line":44,"column":58}},"type":"cond-expr","locations":[{"start":{"line":44,"column":33},"end":{"line":44,"column":54}},{"start":{"line":44,"column":57},"end":{"line":44,"column":58}}],"line":44},"12":{"loc":{"start":{"line":45,"column":20},"end":{"line":45,"column":70}},"type":"cond-expr","locations":[{"start":{"line":45,"column":41},"end":{"line":45,"column":66}},{"start":{"line":45,"column":69},"end":{"line":45,"column":70}}],"line":45},"13":{"loc":{"start":{"line":46,"column":23},"end":{"line":46,"column":79}},"type":"cond-expr","locations":[{"start":{"line":46,"column":47},"end":{"line":46,"column":75}},{"start":{"line":46,"column":78},"end":{"line":46,"column":79}}],"line":46},"14":{"loc":{"start":{"line":47,"column":12},"end":{"line":47,"column":31}},"type":"binary-expr","locations":[{"start":{"line":47,"column":12},"end":{"line":47,"column":26}},{"start":{"line":47,"column":30},"end":{"line":47,"column":31}}],"line":47},"15":{"loc":{"start":{"line":48,"column":18},"end":{"line":48,"column":64}},"type":"cond-expr","locations":[{"start":{"line":48,"column":37},"end":{"line":48,"column":60}},{"start":{"line":48,"column":63},"end":{"line":48,"column":64}}],"line":48},"16":{"loc":{"start":{"line":49,"column":15},"end":{"line":49,"column":37}},"type":"binary-expr","locations":[{"start":{"line":49,"column":15},"end":{"line":49,"column":32}},{"start":{"line":49,"column":36},"end":{"line":49,"column":37}}],"line":49},"17":{"loc":{"start":{"line":50,"column":18},"end":{"line":50,"column":43}},"type":"binary-expr","locations":[{"start":{"line":50,"column":18},"end":{"line":50,"column":38}},{"start":{"line":50,"column":42},"end":{"line":50,"column":43}}],"line":50},"18":{"loc":{"start":{"line":51,"column":18},"end":{"line":51,"column":43}},"type":"binary-expr","locations":[{"start":{"line":51,"column":18},"end":{"line":51,"column":38}},{"start":{"line":51,"column":42},"end":{"line":51,"column":43}}],"line":51},"19":{"loc":{"start":{"line":52,"column":21},"end":{"line":52,"column":50}},"type":"binary-expr","locations":[{"start":{"line":52,"column":21},"end":{"line":52,"column":44}},{"start":{"line":52,"column":48},"end":{"line":52,"column":50}}],"line":52},"20":{"loc":{"start":{"line":53,"column":20},"end":{"line":53,"column":48}},"type":"binary-expr","locations":[{"start":{"line":53,"column":20},"end":{"line":53,"column":42}},{"start":{"line":53,"column":46},"end":{"line":53,"column":48}}],"line":53},"21":{"loc":{"start":{"line":54,"column":14},"end":{"line":54,"column":33}},"type":"binary-expr","locations":[{"start":{"line":54,"column":14},"end":{"line":54,"column":20}},{"start":{"line":54,"column":24},"end":{"line":54,"column":33}}],"line":54},"22":{"loc":{"start":{"line":56,"column":41},"end":{"line":56,"column":66}},"type":"binary-expr","locations":[{"start":{"line":56,"column":41},"end":{"line":56,"column":61}},{"start":{"line":56,"column":65},"end":{"line":56,"column":66}}],"line":56},"23":{"loc":{"start":{"line":65,"column":4},"end":{"line":65,"column":34}},"type":"if","locations":[{"start":{"line":65,"column":4},"end":{"line":65,"column":34}},{"start":{},"end":{}}],"line":65},"24":{"loc":{"start":{"line":66,"column":4},"end":{"line":66,"column":24}},"type":"if","locations":[{"start":{"line":66,"column":4},"end":{"line":66,"column":24}},{"start":{},"end":{}}],"line":66},"25":{"loc":{"start":{"line":72,"column":15},"end":{"line":72,"column":104}},"type":"binary-expr","locations":[{"start":{"line":72,"column":15},"end":{"line":72,"column":29}},{"start":{"line":72,"column":34},"end":{"line":72,"column":103}}],"line":72},"26":{"loc":{"start":{"line":72,"column":34},"end":{"line":72,"column":103}},"type":"cond-expr","locations":[{"start":{"line":72,"column":72},"end":{"line":72,"column":99}},{"start":{"line":72,"column":102},"end":{"line":72,"column":103}}],"line":72},"27":{"loc":{"start":{"line":73,"column":13},"end":{"line":73,"column":92}},"type":"binary-expr","locations":[{"start":{"line":73,"column":13},"end":{"line":73,"column":25}},{"start":{"line":73,"column":30},"end":{"line":73,"column":91}}],"line":73},"28":{"loc":{"start":{"line":73,"column":30},"end":{"line":73,"column":91}},"type":"cond-expr","locations":[{"start":{"line":73,"column":65},"end":{"line":73,"column":87}},{"start":{"line":73,"column":90},"end":{"line":73,"column":91}}],"line":73},"29":{"loc":{"start":{"line":74,"column":15},"end":{"line":74,"column":92}},"type":"binary-expr","locations":[{"start":{"line":74,"column":15},"end":{"line":74,"column":29}},{"start":{"line":74,"column":34},"end":{"line":74,"column":91}}],"line":74},"30":{"loc":{"start":{"line":74,"column":34},"end":{"line":74,"column":91}},"type":"cond-expr","locations":[{"start":{"line":74,"column":69},"end":{"line":74,"column":87}},{"start":{"line":74,"column":90},"end":{"line":74,"column":91}}],"line":74},"31":{"loc":{"start":{"line":75,"column":13},"end":{"line":75,"column":92}},"type":"binary-expr","locations":[{"start":{"line":75,"column":13},"end":{"line":75,"column":25}},{"start":{"line":75,"column":30},"end":{"line":75,"column":91}}],"line":75},"32":{"loc":{"start":{"line":75,"column":30},"end":{"line":75,"column":91}},"type":"cond-expr","locations":[{"start":{"line":75,"column":65},"end":{"line":75,"column":86}},{"start":{"line":75,"column":89},"end":{"line":75,"column":91}}],"line":75},"33":{"loc":{"start":{"line":76,"column":12},"end":{"line":76,"column":82}},"type":"binary-expr","locations":[{"start":{"line":76,"column":12},"end":{"line":76,"column":23}},{"start":{"line":76,"column":28},"end":{"line":76,"column":81}}],"line":76},"34":{"loc":{"start":{"line":76,"column":28},"end":{"line":76,"column":81}},"type":"cond-expr","locations":[{"start":{"line":76,"column":63},"end":{"line":76,"column":77}},{"start":{"line":76,"column":80},"end":{"line":76,"column":81}}],"line":76},"35":{"loc":{"start":{"line":77,"column":20},"end":{"line":77,"column":45}},"type":"binary-expr","locations":[{"start":{"line":77,"column":20},"end":{"line":77,"column":39}},{"start":{"line":77,"column":43},"end":{"line":77,"column":45}}],"line":77},"36":{"loc":{"start":{"line":78,"column":17},"end":{"line":78,"column":125}},"type":"binary-expr","locations":[{"start":{"line":78,"column":17},"end":{"line":78,"column":33}},{"start":{"line":78,"column":38},"end":{"line":78,"column":124}}],"line":78},"37":{"loc":{"start":{"line":78,"column":38},"end":{"line":78,"column":124}},"type":"cond-expr","locations":[{"start":{"line":78,"column":92},"end":{"line":78,"column":112}},{"start":{"line":78,"column":115},"end":{"line":78,"column":124}}],"line":78},"38":{"loc":{"start":{"line":78,"column":38},"end":{"line":78,"column":89}},"type":"binary-expr","locations":[{"start":{"line":78,"column":38},"end":{"line":78,"column":70}},{"start":{"line":78,"column":74},"end":{"line":78,"column":89}}],"line":78},"39":{"loc":{"start":{"line":79,"column":37},"end":{"line":79,"column":138}},"type":"binary-expr","locations":[{"start":{"line":79,"column":37},"end":{"line":79,"column":53}},{"start":{"line":79,"column":58},"end":{"line":79,"column":137}}],"line":79},"40":{"loc":{"start":{"line":79,"column":58},"end":{"line":79,"column":137}},"type":"cond-expr","locations":[{"start":{"line":79,"column":112},"end":{"line":79,"column":132}},{"start":{"line":79,"column":135},"end":{"line":79,"column":137}}],"line":79},"41":{"loc":{"start":{"line":79,"column":58},"end":{"line":79,"column":109}},"type":"binary-expr","locations":[{"start":{"line":79,"column":58},"end":{"line":79,"column":90}},{"start":{"line":79,"column":94},"end":{"line":79,"column":109}}],"line":79},"42":{"loc":{"start":{"line":80,"column":17},"end":{"line":80,"column":39}},"type":"binary-expr","locations":[{"start":{"line":80,"column":17},"end":{"line":80,"column":33}},{"start":{"line":80,"column":37},"end":{"line":80,"column":39}}],"line":80},"43":{"loc":{"start":{"line":81,"column":16},"end":{"line":81,"column":37}},"type":"binary-expr","locations":[{"start":{"line":81,"column":16},"end":{"line":81,"column":31}},{"start":{"line":81,"column":35},"end":{"line":81,"column":37}}],"line":81},"44":{"loc":{"start":{"line":82,"column":18},"end":{"line":82,"column":40}},"type":"binary-expr","locations":[{"start":{"line":82,"column":18},"end":{"line":82,"column":35}},{"start":{"line":82,"column":39},"end":{"line":82,"column":40}}],"line":82},"45":{"loc":{"start":{"line":84,"column":15},"end":{"line":84,"column":44}},"type":"cond-expr","locations":[{"start":{"line":84,"column":25},"end":{"line":84,"column":39}},{"start":{"line":84,"column":42},"end":{"line":84,"column":44}}],"line":84},"46":{"loc":{"start":{"line":85,"column":19},"end":{"line":85,"column":42}},"type":"binary-expr","locations":[{"start":{"line":85,"column":19},"end":{"line":85,"column":37}},{"start":{"line":85,"column":41},"end":{"line":85,"column":42}}],"line":85},"47":{"loc":{"start":{"line":86,"column":19},"end":{"line":86,"column":42}},"type":"binary-expr","locations":[{"start":{"line":86,"column":19},"end":{"line":86,"column":37}},{"start":{"line":86,"column":41},"end":{"line":86,"column":42}}],"line":86},"48":{"loc":{"start":{"line":87,"column":19},"end":{"line":87,"column":42}},"type":"binary-expr","locations":[{"start":{"line":87,"column":19},"end":{"line":87,"column":37}},{"start":{"line":87,"column":41},"end":{"line":87,"column":42}}],"line":87},"49":{"loc":{"start":{"line":91,"column":4},"end":{"line":93,"column":5}},"type":"if","locations":[{"start":{"line":91,"column":4},"end":{"line":93,"column":5}},{"start":{},"end":{}}],"line":91},"50":{"loc":{"start":{"line":101,"column":4},"end":{"line":101,"column":32}},"type":"if","locations":[{"start":{"line":101,"column":4},"end":{"line":101,"column":32}},{"start":{},"end":{}}],"line":101},"51":{"loc":{"start":{"line":103,"column":4},"end":{"line":103,"column":81}},"type":"if","locations":[{"start":{"line":103,"column":4},"end":{"line":103,"column":81}},{"start":{},"end":{}}],"line":103},"52":{"loc":{"start":{"line":103,"column":8},"end":{"line":103,"column":65}},"type":"binary-expr","locations":[{"start":{"line":103,"column":8},"end":{"line":103,"column":26}},{"start":{"line":103,"column":30},"end":{"line":103,"column":46}},{"start":{"line":103,"column":50},"end":{"line":103,"column":65}}],"line":103},"53":{"loc":{"start":{"line":104,"column":4},"end":{"line":104,"column":84}},"type":"if","locations":[{"start":{"line":104,"column":4},"end":{"line":104,"column":84}},{"start":{},"end":{}}],"line":104},"54":{"loc":{"start":{"line":104,"column":8},"end":{"line":104,"column":67}},"type":"binary-expr","locations":[{"start":{"line":104,"column":8},"end":{"line":104,"column":27}},{"start":{"line":104,"column":31},"end":{"line":104,"column":47}},{"start":{"line":104,"column":51},"end":{"line":104,"column":67}}],"line":104},"55":{"loc":{"start":{"line":105,"column":4},"end":{"line":105,"column":85}},"type":"if","locations":[{"start":{"line":105,"column":4},"end":{"line":105,"column":85}},{"start":{},"end":{}}],"line":105},"56":{"loc":{"start":{"line":105,"column":8},"end":{"line":105,"column":68}},"type":"binary-expr","locations":[{"start":{"line":105,"column":8},"end":{"line":105,"column":27}},{"start":{"line":105,"column":31},"end":{"line":105,"column":48}},{"start":{"line":105,"column":52},"end":{"line":105,"column":68}}],"line":105},"57":{"loc":{"start":{"line":106,"column":4},"end":{"line":106,"column":84}},"type":"if","locations":[{"start":{"line":106,"column":4},"end":{"line":106,"column":84}},{"start":{},"end":{}}],"line":106},"58":{"loc":{"start":{"line":106,"column":8},"end":{"line":106,"column":67}},"type":"binary-expr","locations":[{"start":{"line":106,"column":8},"end":{"line":106,"column":27}},{"start":{"line":106,"column":31},"end":{"line":106,"column":47}},{"start":{"line":106,"column":51},"end":{"line":106,"column":67}}],"line":106},"59":{"loc":{"start":{"line":107,"column":4},"end":{"line":107,"column":64}},"type":"if","locations":[{"start":{"line":107,"column":4},"end":{"line":107,"column":64}},{"start":{},"end":{}}],"line":107},"60":{"loc":{"start":{"line":107,"column":8},"end":{"line":107,"column":47}},"type":"binary-expr","locations":[{"start":{"line":107,"column":8},"end":{"line":107,"column":27}},{"start":{"line":107,"column":31},"end":{"line":107,"column":47}}],"line":107},"61":{"loc":{"start":{"line":108,"column":4},"end":{"line":108,"column":65}},"type":"if","locations":[{"start":{"line":108,"column":4},"end":{"line":108,"column":65}},{"start":{},"end":{}}],"line":108},"62":{"loc":{"start":{"line":108,"column":8},"end":{"line":108,"column":47}},"type":"binary-expr","locations":[{"start":{"line":108,"column":8},"end":{"line":108,"column":28}},{"start":{"line":108,"column":32},"end":{"line":108,"column":47}}],"line":108},"63":{"loc":{"start":{"line":113,"column":16},"end":{"line":113,"column":42}},"type":"cond-expr","locations":[{"start":{"line":113,"column":33},"end":{"line":113,"column":36}},{"start":{"line":113,"column":39},"end":{"line":113,"column":42}}],"line":113},"64":{"loc":{"start":{"line":114,"column":21},"end":{"line":114,"column":40}},"type":"binary-expr","locations":[{"start":{"line":114,"column":21},"end":{"line":114,"column":35}},{"start":{"line":114,"column":39},"end":{"line":114,"column":40}}],"line":114},"65":{"loc":{"start":{"line":114,"column":45},"end":{"line":114,"column":63}},"type":"binary-expr","locations":[{"start":{"line":114,"column":45},"end":{"line":114,"column":57}},{"start":{"line":114,"column":61},"end":{"line":114,"column":63}}],"line":114},"66":{"loc":{"start":{"line":115,"column":13},"end":{"line":115,"column":60}},"type":"cond-expr","locations":[{"start":{"line":115,"column":30},"end":{"line":115,"column":43}},{"start":{"line":115,"column":46},"end":{"line":115,"column":60}}],"line":115},"67":{"loc":{"start":{"line":119,"column":8},"end":{"line":119,"column":19}},"type":"default-arg","locations":[{"start":{"line":119,"column":17},"end":{"line":119,"column":19}}],"line":119},"68":{"loc":{"start":{"line":121,"column":4},"end":{"line":123,"column":5}},"type":"if","locations":[{"start":{"line":121,"column":4},"end":{"line":123,"column":5}},{"start":{},"end":{}}],"line":121},"69":{"loc":{"start":{"line":124,"column":4},"end":{"line":126,"column":5}},"type":"if","locations":[{"start":{"line":124,"column":4},"end":{"line":126,"column":5}},{"start":{},"end":{}}],"line":124},"70":{"loc":{"start":{"line":127,"column":4},"end":{"line":129,"column":5}},"type":"if","locations":[{"start":{"line":127,"column":4},"end":{"line":129,"column":5}},{"start":{},"end":{}}],"line":127},"71":{"loc":{"start":{"line":134,"column":48},"end":{"line":134,"column":62}},"type":"default-arg","locations":[{"start":{"line":134,"column":59},"end":{"line":134,"column":62}}],"line":134},"72":{"loc":{"start":{"line":136,"column":4},"end":{"line":138,"column":5}},"type":"if","locations":[{"start":{"line":136,"column":4},"end":{"line":138,"column":5}},{"start":{},"end":{}}],"line":136},"73":{"loc":{"start":{"line":139,"column":4},"end":{"line":141,"column":5}},"type":"if","locations":[{"start":{"line":139,"column":4},"end":{"line":141,"column":5}},{"start":{},"end":{}}],"line":139},"74":{"loc":{"start":{"line":154,"column":6},"end":{"line":157,"column":7}},"type":"if","locations":[{"start":{"line":154,"column":6},"end":{"line":157,"column":7}},{"start":{},"end":{}}],"line":154},"75":{"loc":{"start":{"line":164,"column":6},"end":{"line":171,"column":7}},"type":"if","locations":[{"start":{"line":164,"column":6},"end":{"line":171,"column":7}},{"start":{},"end":{}}],"line":164},"76":{"loc":{"start":{"line":167,"column":27},"end":{"line":167,"column":66}},"type":"binary-expr","locations":[{"start":{"line":167,"column":27},"end":{"line":167,"column":61}},{"start":{"line":167,"column":65},"end":{"line":167,"column":66}}],"line":167},"77":{"loc":{"start":{"line":168,"column":28},"end":{"line":168,"column":87}},"type":"cond-expr","locations":[{"start":{"line":168,"column":56},"end":{"line":168,"column":70}},{"start":{"line":168,"column":73},"end":{"line":168,"column":87}}],"line":168},"78":{"loc":{"start":{"line":178,"column":4},"end":{"line":178,"column":35}},"type":"if","locations":[{"start":{"line":178,"column":4},"end":{"line":178,"column":35}},{"start":{},"end":{}}],"line":178},"79":{"loc":{"start":{"line":182,"column":6},"end":{"line":182,"column":67}},"type":"if","locations":[{"start":{"line":182,"column":6},"end":{"line":182,"column":67}},{"start":{},"end":{}}],"line":182},"80":{"loc":{"start":{"line":182,"column":10},"end":{"line":182,"column":56}},"type":"binary-expr","locations":[{"start":{"line":182,"column":10},"end":{"line":182,"column":25}},{"start":{"line":182,"column":29},"end":{"line":182,"column":56}}],"line":182},"81":{"loc":{"start":{"line":183,"column":6},"end":{"line":183,"column":61}},"type":"if","locations":[{"start":{"line":183,"column":6},"end":{"line":183,"column":61}},{"start":{},"end":{}}],"line":183},"82":{"loc":{"start":{"line":183,"column":10},"end":{"line":183,"column":50}},"type":"binary-expr","locations":[{"start":{"line":183,"column":10},"end":{"line":183,"column":24}},{"start":{"line":183,"column":28},"end":{"line":183,"column":50}}],"line":183},"83":{"loc":{"start":{"line":187,"column":21},"end":{"line":187,"column":51}},"type":"cond-expr","locations":[{"start":{"line":187,"column":37},"end":{"line":187,"column":42}},{"start":{"line":187,"column":45},"end":{"line":187,"column":51}}],"line":187},"84":{"loc":{"start":{"line":191,"column":8},"end":{"line":193,"column":9}},"type":"if","locations":[{"start":{"line":191,"column":8},"end":{"line":193,"column":9}},{"start":{},"end":{}}],"line":191},"85":{"loc":{"start":{"line":195,"column":8},"end":{"line":195,"column":68}},"type":"if","locations":[{"start":{"line":195,"column":8},"end":{"line":195,"column":68}},{"start":{},"end":{}}],"line":195},"86":{"loc":{"start":{"line":201,"column":22},"end":{"line":201,"column":63}},"type":"cond-expr","locations":[{"start":{"line":201,"column":36},"end":{"line":201,"column":57}},{"start":{"line":201,"column":60},"end":{"line":201,"column":63}}],"line":201},"87":{"loc":{"start":{"line":205,"column":8},"end":{"line":205,"column":20}},"type":"default-arg","locations":[{"start":{"line":205,"column":18},"end":{"line":205,"column":20}}],"line":205},"88":{"loc":{"start":{"line":206,"column":20},"end":{"line":206,"column":42}},"type":"binary-expr","locations":[{"start":{"line":206,"column":20},"end":{"line":206,"column":35}},{"start":{"line":206,"column":39},"end":{"line":206,"column":42}}],"line":206},"89":{"loc":{"start":{"line":211,"column":6},"end":{"line":213,"column":7}},"type":"if","locations":[{"start":{"line":211,"column":6},"end":{"line":213,"column":7}},{"start":{},"end":{}}],"line":211},"90":{"loc":{"start":{"line":220,"column":28},"end":{"line":220,"column":53}},"type":"binary-expr","locations":[{"start":{"line":220,"column":28},"end":{"line":220,"column":48}},{"start":{"line":220,"column":52},"end":{"line":220,"column":53}}],"line":220},"91":{"loc":{"start":{"line":225,"column":22},"end":{"line":225,"column":51}},"type":"binary-expr","locations":[{"start":{"line":225,"column":22},"end":{"line":225,"column":39}},{"start":{"line":225,"column":43},"end":{"line":225,"column":51}}],"line":225},"92":{"loc":{"start":{"line":226,"column":4},"end":{"line":228,"column":5}},"type":"if","locations":[{"start":{"line":226,"column":4},"end":{"line":228,"column":5}},{"start":{},"end":{}}],"line":226},"93":{"loc":{"start":{"line":231,"column":4},"end":{"line":231,"column":40}},"type":"if","locations":[{"start":{"line":231,"column":4},"end":{"line":231,"column":40}},{"start":{},"end":{}}],"line":231},"94":{"loc":{"start":{"line":232,"column":22},"end":{"line":232,"column":74}},"type":"cond-expr","locations":[{"start":{"line":232,"column":42},"end":{"line":232,"column":70}},{"start":{"line":232,"column":73},"end":{"line":232,"column":74}}],"line":232},"95":{"loc":{"start":{"line":233,"column":20},"end":{"line":233,"column":41}},"type":"binary-expr","locations":[{"start":{"line":233,"column":20},"end":{"line":233,"column":35}},{"start":{"line":233,"column":39},"end":{"line":233,"column":41}}],"line":233},"96":{"loc":{"start":{"line":238,"column":20},"end":{"line":238,"column":45}},"type":"binary-expr","locations":[{"start":{"line":238,"column":20},"end":{"line":238,"column":40}},{"start":{"line":238,"column":44},"end":{"line":238,"column":45}}],"line":238},"97":{"loc":{"start":{"line":239,"column":15},"end":{"line":239,"column":37}},"type":"binary-expr","locations":[{"start":{"line":239,"column":15},"end":{"line":239,"column":30}},{"start":{"line":239,"column":34},"end":{"line":239,"column":37}}],"line":239},"98":{"loc":{"start":{"line":240,"column":20},"end":{"line":240,"column":47}},"type":"binary-expr","locations":[{"start":{"line":240,"column":20},"end":{"line":240,"column":40}},{"start":{"line":240,"column":44},"end":{"line":240,"column":47}}],"line":240},"99":{"loc":{"start":{"line":241,"column":22},"end":{"line":241,"column":52}},"type":"binary-expr","locations":[{"start":{"line":241,"column":22},"end":{"line":241,"column":44}},{"start":{"line":241,"column":48},"end":{"line":241,"column":52}}],"line":241},"100":{"loc":{"start":{"line":243,"column":4},"end":{"line":245,"column":5}},"type":"if","locations":[{"start":{"line":243,"column":4},"end":{"line":245,"column":5}},{"start":{},"end":{}}],"line":243},"101":{"loc":{"start":{"line":243,"column":8},"end":{"line":243,"column":58}},"type":"binary-expr","locations":[{"start":{"line":243,"column":8},"end":{"line":243,"column":17}},{"start":{"line":243,"column":21},"end":{"line":243,"column":58}}],"line":243},"102":{"loc":{"start":{"line":250,"column":20},"end":{"line":250,"column":32}},"type":"default-arg","locations":[{"start":{"line":250,"column":30},"end":{"line":250,"column":32}}],"line":250},"103":{"loc":{"start":{"line":251,"column":20},"end":{"line":251,"column":73}},"type":"cond-expr","locations":[{"start":{"line":251,"column":52},"end":{"line":251,"column":67}},{"start":{"line":251,"column":70},"end":{"line":251,"column":73}}],"line":251},"104":{"loc":{"start":{"line":252,"column":25},"end":{"line":252,"column":86}},"type":"cond-expr","locations":[{"start":{"line":252,"column":62},"end":{"line":252,"column":82}},{"start":{"line":252,"column":85},"end":{"line":252,"column":86}}],"line":252},"105":{"loc":{"start":{"line":253,"column":19},"end":{"line":253,"column":68}},"type":"cond-expr","locations":[{"start":{"line":253,"column":50},"end":{"line":253,"column":64}},{"start":{"line":253,"column":67},"end":{"line":253,"column":68}}],"line":253},"106":{"loc":{"start":{"line":254,"column":22},"end":{"line":254,"column":51}},"type":"binary-expr","locations":[{"start":{"line":254,"column":22},"end":{"line":254,"column":39}},{"start":{"line":254,"column":43},"end":{"line":254,"column":51}}],"line":254},"107":{"loc":{"start":{"line":257,"column":4},"end":{"line":257,"column":55}},"type":"if","locations":[{"start":{"line":257,"column":4},"end":{"line":257,"column":55}},{"start":{},"end":{}}],"line":257},"108":{"loc":{"start":{"line":257,"column":8},"end":{"line":257,"column":36}},"type":"binary-expr","locations":[{"start":{"line":257,"column":8},"end":{"line":257,"column":21}},{"start":{"line":257,"column":25},"end":{"line":257,"column":36}}],"line":257},"109":{"loc":{"start":{"line":258,"column":4},"end":{"line":258,"column":40}},"type":"if","locations":[{"start":{"line":258,"column":4},"end":{"line":258,"column":40}},{"start":{},"end":{}}],"line":258},"110":{"loc":{"start":{"line":259,"column":4},"end":{"line":259,"column":45}},"type":"if","locations":[{"start":{"line":259,"column":4},"end":{"line":259,"column":45}},{"start":{},"end":{}}],"line":259},"111":{"loc":{"start":{"line":262,"column":4},"end":{"line":267,"column":5}},"type":"if","locations":[{"start":{"line":262,"column":4},"end":{"line":267,"column":5}},{"start":{},"end":{}}],"line":262},"112":{"loc":{"start":{"line":264,"column":6},"end":{"line":266,"column":7}},"type":"if","locations":[{"start":{"line":264,"column":6},"end":{"line":266,"column":7}},{"start":{},"end":{}}],"line":264},"113":{"loc":{"start":{"line":265,"column":41},"end":{"line":265,"column":82}},"type":"cond-expr","locations":[{"start":{"line":265,"column":71},"end":{"line":265,"column":75}},{"start":{"line":265,"column":78},"end":{"line":265,"column":82}}],"line":265},"114":{"loc":{"start":{"line":270,"column":4},"end":{"line":272,"column":5}},"type":"if","locations":[{"start":{"line":270,"column":4},"end":{"line":272,"column":5}},{"start":{},"end":{}}],"line":270},"115":{"loc":{"start":{"line":270,"column":8},"end":{"line":270,"column":52}},"type":"binary-expr","locations":[{"start":{"line":270,"column":8},"end":{"line":270,"column":28}},{"start":{"line":270,"column":32},"end":{"line":270,"column":52}}],"line":270},"116":{"loc":{"start":{"line":276,"column":25},"end":{"line":276,"column":63}},"type":"cond-expr","locations":[{"start":{"line":276,"column":44},"end":{"line":276,"column":52}},{"start":{"line":276,"column":55},"end":{"line":276,"column":63}}],"line":276},"117":{"loc":{"start":{"line":277,"column":18},"end":{"line":277,"column":59}},"type":"cond-expr","locations":[{"start":{"line":277,"column":42},"end":{"line":277,"column":48}},{"start":{"line":277,"column":51},"end":{"line":277,"column":59}}],"line":277},"118":{"loc":{"start":{"line":280,"column":12},"end":{"line":280,"column":29}},"type":"binary-expr","locations":[{"start":{"line":280,"column":12},"end":{"line":280,"column":24}},{"start":{"line":280,"column":28},"end":{"line":280,"column":29}}],"line":280},"119":{"loc":{"start":{"line":286,"column":4},"end":{"line":286,"column":34}},"type":"if","locations":[{"start":{"line":286,"column":4},"end":{"line":286,"column":34}},{"start":{},"end":{}}],"line":286},"120":{"loc":{"start":{"line":294,"column":10},"end":{"line":297,"column":11}},"type":"if","locations":[{"start":{"line":294,"column":10},"end":{"line":297,"column":11}},{"start":{},"end":{}}],"line":294},"121":{"loc":{"start":{"line":302,"column":12},"end":{"line":310,"column":13}},"type":"if","locations":[{"start":{"line":302,"column":12},"end":{"line":310,"column":13}},{"start":{},"end":{}}],"line":302},"122":{"loc":{"start":{"line":302,"column":16},"end":{"line":302,"column":51}},"type":"binary-expr","locations":[{"start":{"line":302,"column":16},"end":{"line":302,"column":29}},{"start":{"line":302,"column":33},"end":{"line":302,"column":51}}],"line":302},"123":{"loc":{"start":{"line":304,"column":24},"end":{"line":304,"column":37}},"type":"binary-expr","locations":[{"start":{"line":304,"column":24},"end":{"line":304,"column":31}},{"start":{"line":304,"column":35},"end":{"line":304,"column":37}}],"line":304},"124":{"loc":{"start":{"line":305,"column":24},"end":{"line":305,"column":37}},"type":"binary-expr","locations":[{"start":{"line":305,"column":24},"end":{"line":305,"column":31}},{"start":{"line":305,"column":35},"end":{"line":305,"column":37}}],"line":305},"125":{"loc":{"start":{"line":306,"column":24},"end":{"line":306,"column":50}},"type":"binary-expr","locations":[{"start":{"line":306,"column":24},"end":{"line":306,"column":31}},{"start":{"line":306,"column":35},"end":{"line":306,"column":50}}],"line":306},"126":{"loc":{"start":{"line":307,"column":24},"end":{"line":307,"column":51}},"type":"binary-expr","locations":[{"start":{"line":307,"column":24},"end":{"line":307,"column":31}},{"start":{"line":307,"column":35},"end":{"line":307,"column":51}}],"line":307},"127":{"loc":{"start":{"line":308,"column":24},"end":{"line":308,"column":37}},"type":"binary-expr","locations":[{"start":{"line":308,"column":24},"end":{"line":308,"column":31}},{"start":{"line":308,"column":35},"end":{"line":308,"column":37}}],"line":308},"128":{"loc":{"start":{"line":309,"column":111},"end":{"line":309,"column":133}},"type":"binary-expr","locations":[{"start":{"line":309,"column":111},"end":{"line":309,"column":127}},{"start":{"line":309,"column":131},"end":{"line":309,"column":133}}],"line":309},"129":{"loc":{"start":{"line":317,"column":10},"end":{"line":319,"column":11}},"type":"if","locations":[{"start":{"line":317,"column":10},"end":{"line":319,"column":11}},{"start":{},"end":{}}],"line":317},"130":{"loc":{"start":{"line":328,"column":4},"end":{"line":328,"column":34}},"type":"if","locations":[{"start":{"line":328,"column":4},"end":{"line":328,"column":34}},{"start":{},"end":{}}],"line":328},"131":{"loc":{"start":{"line":360,"column":10},"end":{"line":362,"column":11}},"type":"if","locations":[{"start":{"line":360,"column":10},"end":{"line":362,"column":11}},{"start":{},"end":{}}],"line":360},"132":{"loc":{"start":{"line":374,"column":31},"end":{"line":374,"column":52}},"type":"binary-expr","locations":[{"start":{"line":374,"column":31},"end":{"line":374,"column":46}},{"start":{"line":374,"column":50},"end":{"line":374,"column":52}}],"line":374},"133":{"loc":{"start":{"line":375,"column":30},"end":{"line":375,"column":52}},"type":"binary-expr","locations":[{"start":{"line":375,"column":30},"end":{"line":375,"column":46}},{"start":{"line":375,"column":50},"end":{"line":375,"column":52}}],"line":375},"134":{"loc":{"start":{"line":377,"column":22},"end":{"line":377,"column":47}},"type":"binary-expr","locations":[{"start":{"line":377,"column":22},"end":{"line":377,"column":42}},{"start":{"line":377,"column":46},"end":{"line":377,"column":47}}],"line":377},"135":{"loc":{"start":{"line":378,"column":17},"end":{"line":378,"column":37}},"type":"binary-expr","locations":[{"start":{"line":378,"column":17},"end":{"line":378,"column":32}},{"start":{"line":378,"column":36},"end":{"line":378,"column":37}}],"line":378},"136":{"loc":{"start":{"line":379,"column":35},"end":{"line":379,"column":65}},"type":"binary-expr","locations":[{"start":{"line":379,"column":35},"end":{"line":379,"column":59}},{"start":{"line":379,"column":63},"end":{"line":379,"column":65}}],"line":379},"137":{"loc":{"start":{"line":407,"column":2},"end":{"line":421,"column":3}},"type":"if","locations":[{"start":{"line":407,"column":2},"end":{"line":421,"column":3}},{"start":{},"end":{}}],"line":407},"138":{"loc":{"start":{"line":407,"column":6},"end":{"line":407,"column":52}},"type":"binary-expr","locations":[{"start":{"line":407,"column":6},"end":{"line":407,"column":22}},{"start":{"line":407,"column":26},"end":{"line":407,"column":52}}],"line":407},"139":{"loc":{"start":{"line":410,"column":6},"end":{"line":413,"column":7}},"type":"if","locations":[{"start":{"line":410,"column":6},"end":{"line":413,"column":7}},{"start":{},"end":{}}],"line":410},"140":{"loc":{"start":{"line":412,"column":32},"end":{"line":412,"column":57}},"type":"binary-expr","locations":[{"start":{"line":412,"column":32},"end":{"line":412,"column":52}},{"start":{"line":412,"column":56},"end":{"line":412,"column":57}}],"line":412},"141":{"loc":{"start":{"line":414,"column":6},"end":{"line":419,"column":7}},"type":"if","locations":[{"start":{"line":414,"column":6},"end":{"line":419,"column":7}},{"start":{"line":417,"column":13},"end":{"line":419,"column":7}}],"line":414},"142":{"loc":{"start":{"line":414,"column":10},"end":{"line":414,"column":73}},"type":"binary-expr","locations":[{"start":{"line":414,"column":10},"end":{"line":414,"column":38}},{"start":{"line":414,"column":42},"end":{"line":414,"column":73}}],"line":414},"143":{"loc":{"start":{"line":430,"column":2},"end":{"line":438,"column":3}},"type":"if","locations":[{"start":{"line":430,"column":2},"end":{"line":438,"column":3}},{"start":{},"end":{}}],"line":430},"144":{"loc":{"start":{"line":430,"column":6},"end":{"line":430,"column":52}},"type":"binary-expr","locations":[{"start":{"line":430,"column":6},"end":{"line":430,"column":22}},{"start":{"line":430,"column":26},"end":{"line":430,"column":52}}],"line":430},"145":{"loc":{"start":{"line":433,"column":6},"end":{"line":433,"column":57}},"type":"if","locations":[{"start":{"line":433,"column":6},"end":{"line":433,"column":57}},{"start":{},"end":{}}],"line":433},"146":{"loc":{"start":{"line":435,"column":6},"end":{"line":435,"column":61}},"type":"if","locations":[{"start":{"line":435,"column":6},"end":{"line":435,"column":61}},{"start":{},"end":{}}],"line":435},"147":{"loc":{"start":{"line":436,"column":6},"end":{"line":436,"column":86}},"type":"if","locations":[{"start":{"line":436,"column":6},"end":{"line":436,"column":86}},{"start":{},"end":{}}],"line":436},"148":{"loc":{"start":{"line":436,"column":10},"end":{"line":436,"column":70}},"type":"binary-expr","locations":[{"start":{"line":436,"column":10},"end":{"line":436,"column":38}},{"start":{"line":436,"column":42},"end":{"line":436,"column":70}}],"line":436},"149":{"loc":{"start":{"line":442,"column":13},"end":{"line":442,"column":82}},"type":"cond-expr","locations":[{"start":{"line":442,"column":51},"end":{"line":442,"column":78}},{"start":{"line":442,"column":81},"end":{"line":442,"column":82}}],"line":442},"150":{"loc":{"start":{"line":443,"column":11},"end":{"line":443,"column":63}},"type":"cond-expr","locations":[{"start":{"line":443,"column":30},"end":{"line":443,"column":59}},{"start":{"line":443,"column":62},"end":{"line":443,"column":63}}],"line":443},"151":{"loc":{"start":{"line":444,"column":13},"end":{"line":444,"column":61}},"type":"cond-expr","locations":[{"start":{"line":444,"column":32},"end":{"line":444,"column":57}},{"start":{"line":444,"column":60},"end":{"line":444,"column":61}}],"line":444},"152":{"loc":{"start":{"line":445,"column":11},"end":{"line":445,"column":63}},"type":"cond-expr","locations":[{"start":{"line":445,"column":30},"end":{"line":445,"column":58}},{"start":{"line":445,"column":61},"end":{"line":445,"column":63}}],"line":445},"153":{"loc":{"start":{"line":446,"column":10},"end":{"line":446,"column":54}},"type":"cond-expr","locations":[{"start":{"line":446,"column":29},"end":{"line":446,"column":50}},{"start":{"line":446,"column":53},"end":{"line":446,"column":54}}],"line":446},"154":{"loc":{"start":{"line":447,"column":18},"end":{"line":447,"column":102}},"type":"cond-expr","locations":[{"start":{"line":447,"column":64},"end":{"line":447,"column":97}},{"start":{"line":447,"column":100},"end":{"line":447,"column":102}}],"line":447},"155":{"loc":{"start":{"line":447,"column":18},"end":{"line":447,"column":61}},"type":"binary-expr","locations":[{"start":{"line":447,"column":18},"end":{"line":447,"column":34}},{"start":{"line":447,"column":38},"end":{"line":447,"column":61}}],"line":447},"156":{"loc":{"start":{"line":448,"column":15},"end":{"line":448,"column":99}},"type":"cond-expr","locations":[{"start":{"line":448,"column":60},"end":{"line":448,"column":87}},{"start":{"line":448,"column":90},"end":{"line":448,"column":99}}],"line":448},"157":{"loc":{"start":{"line":448,"column":15},"end":{"line":448,"column":57}},"type":"binary-expr","locations":[{"start":{"line":448,"column":15},"end":{"line":448,"column":31}},{"start":{"line":448,"column":35},"end":{"line":448,"column":57}}],"line":448}},"s":{"0":0,"1":0,"2":0,"3":0,"4":0,"5":0,"6":0,"7":0,"8":0,"9":0,"10":0,"11":0,"12":0,"13":0,"14":0,"15":0,"16":0,"17":0,"18":0,"19":0,"20":0,"21":0,"22":0,"23":0,"24":0,"25":0,"26":0,"27":0,"28":0,"29":0,"30":0,"31":0,"32":0,"33":0,"34":0,"35":0,"36":0,"37":0,"38":0,"39":0,"40":0,"41":0,"42":0,"43":0,"44":0,"45":0,"46":0,"47":0,"48":0,"49":0,"50":0,"51":0,"52":0,"53":0,"54":0,"55":0,"56":0,"57":0,"58":0,"59":0,"60":0,"61":0,"62":0,"63":0,"64":0,"65":0,"66":0,"67":0,"68":0,"69":0,"70":0,"71":0,"72":0,"73":0,"74":0,"75":0,"76":0,"77":0,"78":0,"79":0,"80":0,"81":0,"82":0,"83":0,"84":0,"85":0,"86":0,"87":0,"88":0,"89":0,"90":0,"91":0,"92":0,"93":0,"94":0,"95":0,"96":0,"97":0,"98":0,"99":0,"100":0,"101":0,"102":0,"103":0,"104":0,"105":0,"106":0,"107":0,"108":0,"109":0,"110":0,"111":0,"112":0,"113":0,"114":0,"115":0,"116":0,"117":0,"118":0,"119":0,"120":0,"121":0,"122":0,"123":0,"124":0,"125":0,"126":0,"127":0,"128":0,"129":0,"130":0,"131":0,"132":0,"133":0,"134":0,"135":0,"136":0,"137":0,"138":0,"139":0,"140":0,"141":0,"142":0,"143":0,"144":0,"145":0,"146":0,"147":0,"148":0,"149":0,"150":0,"151":0,"152":0,"153":0,"154":0,"155":0,"156":0,"157":0,"158":0,"159":0,"160":0,"161":0,"162":0,"163":0,"164":0,"165":0,"166":0,"167":0,"168":0,"169":0,"170":0,"171":0,"172":0,"173":0,"174":0,"175":0,"176":0,"177":0,"178":0,"179":0,"180":0,"181":0,"182":0,"183":0,"184":0,"185":0,"186":0,"187":0,"188":0,"189":0,"190":0,"191":0,"192":0,"193":0,"194":0,"195":0,"196":0,"197":0,"198":0,"199":0,"200":0,"201":0,"202":0,"203":0,"204":0,"205":0,"206":0,"207":0,"208":0,"209":0,"210":0,"211":0,"212":0,"213":0,"214":0,"215":0,"216":0,"217":0,"218":0,"219":0,"220":0,"221":0,"222":0,"223":0,"224":0,"225":0,"226":0,"227":0,"228":0,"229":0,"230":0,"231":0,"232":0,"233":0,"234":0,"235":0,"236":0,"237":0,"238":0,"239":0,"240":0,"241":0,"242":0,"243":0,"244":0,"245":0,"246":0,"247":0,"248":0,"249":0,"250":0,"251":0},"f":{"0":0,"1":0,"2":0,"3":0,"4":0,"5":0,"6":0,"7":0,"8":0,"9":0,"10":0,"11":0,"12":0,"13":0,"14":0,"15":0,"16":0,"17":0,"18":0,"19":0,"20":0,"21":0,"22":0,"23":0,"24":0,"25":0,"26":0,"27":0,"28":0,"29":0,"30":0,"31":0,"32":0,"33":0,"34":0,"35":0,"36":0,"37":0,"38":0,"39":0,"40":0,"41":0,"42":0,"43":0,"44":0},"b":{"0":[0,0],"1":[0,0],"2":[0,0],"3":[0,0],"4":[0,0],"5":[0,0],"6":[0,0],"7":[0,0],"8":[0,0],"9":[0,0],"10":[0,0],"11":[0,0],"12":[0,0],"13":[0,0],"14":[0,0],"15":[0,0],"16":[0,0],"17":[0,0],"18":[0,0],"19":[0,0],"20":[0,0],"21":[0,0],"22":[0,0],"23":[0,0],"24":[0,0],"25":[0,0],"26":[0,0],"27":[0,0],"28":[0,0],"29":[0,0],"30":[0,0],"31":[0,0],"32":[0,0],"33":[0,0],"34":[0,0],"35":[0,0],"36":[0,0],"37":[0,0],"38":[0,0],"39":[0,0],"40":[0,0],"41":[0,0],"42":[0,0],"43":[0,0],"44":[0,0],"45":[0,0],"46":[0,0],"47":[0,0],"48":[0,0],"49":[0,0],"50":[0,0],"51":[0,0],"52":[0,0,0],"53":[0,0],"54":[0,0,0],"55":[0,0],"56":[0,0,0],"57":[0,0],"58":[0,0,0],"59":[0,0],"60":[0,0],"61":[0,0],"62":[0,0],"63":[0,0],"64":[0,0],"65":[0,0],"66":[0,0],"67":[0],"68":[0,0],"69":[0,0],"70":[0,0],"71":[0],"72":[0,0],"73":[0,0],"74":[0,0],"75":[0,0],"76":[0,0],"77":[0,0],"78":[0,0],"79":[0,0],"80":[0,0],"81":[0,0],"82":[0,0],"83":[0,0],"84":[0,0],"85":[0,0],"86":[0,0],"87":[0],"88":[0,0],"89":[0,0],"90":[0,0],"91":[0,0],"92":[0,0],"93":[0,0],"94":[0,0],"95":[0,0],"96":[0,0],"97":[0,0],"98":[0,0],"99":[0,0],"100":[0,0],"101":[0,0],"102":[0],"103":[0,0],"104":[0,0],"105":[0,0],"106":[0,0],"107":[0,0],"108":[0,0],"109":[0,0],"110":[0,0],"111":[0,0],"112":[0,0],"113":[0,0],"114":[0,0],"115":[0,0],"116":[0,0],"117":[0,0],"118":[0,0],"119":[0,0],"120":[0,0],"121":[0,0],"122":[0,0],"123":[0,0],"124":[0,0],"125":[0,0],"126":[0,0],"127":[0,0],"128":[0,0],"129":[0,0],"130":[0,0],"131":[0,0],"132":[0,0],"133":[0,0],"134":[0,0],"135":[0,0],"136":[0,0],"137":[0,0],"138":[0,0],"139":[0,0],"140":[0,0],"141":[0,0],"142":[0,0],"143":[0,0],"144":[0,0],"145":[0,0],"146":[0,0],"147":[0,0],"148":[0,0],"149":[0,0],"150":[0,0],"151":[0,0],"152":[0,0],"153":[0,0],"154":[0,0],"155":[0,0],"156":[0,0],"157":[0,0]}}
,"/home/hermes/workspace-dev/proposals/card-game-prototype/elite-loader.js": {"path":"/home/hermes/workspace-dev/proposals/card-game-prototype/elite-loader.js","statementMap":{"0":{"start":{"line":7,"column":22},"end":{"line":68,"column":1}},"1":{"start":{"line":71,"column":21},"end":{"line":110,"column":1}},"2":{"start":{"line":113,"column":24},"end":{"line":124,"column":1}},"3":{"start":{"line":130,"column":20},"end":{"line":130,"column":46}},"4":{"start":{"line":131,"column":19},"end":{"line":131,"column":74}},"5":{"start":{"line":132,"column":16},"end":{"line":132,"column":67}},"6":{"start":{"line":134,"column":2},"end":{"line":134,"column":26}},"7":{"start":{"line":135,"column":2},"end":{"line":135,"column":34}},"8":{"start":{"line":136,"column":2},"end":{"line":136,"column":37}},"9":{"start":{"line":137,"column":2},"end":{"line":137,"column":42}},"10":{"start":{"line":138,"column":2},"end":{"line":138,"column":31}},"11":{"start":{"line":139,"column":2},"end":{"line":139,"column":33}},"12":{"start":{"line":140,"column":2},"end":{"line":140,"column":29}},"13":{"start":{"line":141,"column":2},"end":{"line":141,"column":33}},"14":{"start":{"line":142,"column":2},"end":{"line":142,"column":33}},"15":{"start":{"line":145,"column":2},"end":{"line":152,"column":3}},"16":{"start":{"line":146,"column":4},"end":{"line":150,"column":7}},"17":{"start":{"line":151,"column":4},"end":{"line":151,"column":66}},"18":{"start":{"line":155,"column":2},"end":{"line":155,"column":29}},"19":{"start":{"line":158,"column":2},"end":{"line":158,"column":38}},"20":{"start":{"line":160,"column":2},"end":{"line":160,"column":19}},"21":{"start":{"line":161,"column":2},"end":{"line":161,"column":16}},"22":{"start":{"line":162,"column":2},"end":{"line":162,"column":20}},"23":{"start":{"line":163,"column":2},"end":{"line":163,"column":22}},"24":{"start":{"line":164,"column":2},"end":{"line":164,"column":45}},"25":{"start":{"line":172,"column":15},"end":{"line":172,"column":71}},"26":{"start":{"line":174,"column":2},"end":{"line":174,"column":25}},"27":{"start":{"line":175,"column":2},"end":{"line":175,"column":33}},"28":{"start":{"line":176,"column":2},"end":{"line":176,"column":36}},"29":{"start":{"line":177,"column":2},"end":{"line":177,"column":41}},"30":{"start":{"line":178,"column":2},"end":{"line":178,"column":31}},"31":{"start":{"line":179,"column":2},"end":{"line":179,"column":33}},"32":{"start":{"line":180,"column":2},"end":{"line":180,"column":29}},"33":{"start":{"line":181,"column":2},"end":{"line":181,"column":32}},"34":{"start":{"line":182,"column":2},"end":{"line":182,"column":34}},"35":{"start":{"line":183,"column":2},"end":{"line":183,"column":26}},"36":{"start":{"line":184,"column":2},"end":{"line":184,"column":40}},"37":{"start":{"line":185,"column":2},"end":{"line":185,"column":40}},"38":{"start":{"line":188,"column":2},"end":{"line":194,"column":3}},"39":{"start":{"line":189,"column":4},"end":{"line":193,"column":7}},"40":{"start":{"line":197,"column":2},"end":{"line":197,"column":27}},"41":{"start":{"line":204,"column":18},"end":{"line":204,"column":47}},"42":{"start":{"line":205,"column":2},"end":{"line":205,"column":28}},"43":{"start":{"line":206,"column":2},"end":{"line":206,"column":186}},"44":{"start":{"line":207,"column":2},"end":{"line":210,"column":4}},"45":{"start":{"line":211,"column":2},"end":{"line":211,"column":37}},"46":{"start":{"line":213,"column":2},"end":{"line":226,"column":11}},"47":{"start":{"line":214,"column":4},"end":{"line":214,"column":21}},"48":{"start":{"line":217,"column":4},"end":{"line":225,"column":12}},"49":{"start":{"line":218,"column":6},"end":{"line":218,"column":33}},"50":{"start":{"line":219,"column":6},"end":{"line":219,"column":42}},"51":{"start":{"line":220,"column":6},"end":{"line":220,"column":23}},"52":{"start":{"line":221,"column":6},"end":{"line":221,"column":20}},"53":{"start":{"line":222,"column":6},"end":{"line":222,"column":24}},"54":{"start":{"line":223,"column":6},"end":{"line":223,"column":26}},"55":{"start":{"line":224,"column":6},"end":{"line":224,"column":45}},"56":{"start":{"line":233,"column":2},"end":{"line":233,"column":22}},"57":{"start":{"line":234,"column":2},"end":{"line":234,"column":43}},"58":{"start":{"line":235,"column":2},"end":{"line":235,"column":29}},"59":{"start":{"line":236,"column":2},"end":{"line":236,"column":21}},"60":{"start":{"line":237,"column":2},"end":{"line":237,"column":23}},"61":{"start":{"line":238,"column":2},"end":{"line":238,"column":26}},"62":{"start":{"line":239,"column":2},"end":{"line":239,"column":32}},"63":{"start":{"line":240,"column":2},"end":{"line":240,"column":27}},"64":{"start":{"line":243,"column":2},"end":{"line":243,"column":16}},"65":{"start":{"line":246,"column":2},"end":{"line":248,"column":3}},"66":{"start":{"line":246,"column":15},"end":{"line":246,"column":16}},"67":{"start":{"line":247,"column":4},"end":{"line":247,"column":15}},"68":{"start":{"line":255,"column":2},"end":{"line":255,"column":38}},"69":{"start":{"line":255,"column":31},"end":{"line":255,"column":38}},"70":{"start":{"line":257,"column":15},"end":{"line":257,"column":30}},"71":{"start":{"line":258,"column":20},"end":{"line":258,"column":60}},"72":{"start":{"line":261,"column":2},"end":{"line":268,"column":3}},"73":{"start":{"line":262,"column":4},"end":{"line":262,"column":28}},"74":{"start":{"line":263,"column":4},"end":{"line":263,"column":41}},"75":{"start":{"line":264,"column":4},"end":{"line":266,"column":5}},"76":{"start":{"line":265,"column":6},"end":{"line":265,"column":38}},"77":{"start":{"line":267,"column":4},"end":{"line":267,"column":53}},"78":{"start":{"line":271,"column":2},"end":{"line":278,"column":3}},"79":{"start":{"line":272,"column":4},"end":{"line":272,"column":28}},"80":{"start":{"line":273,"column":4},"end":{"line":273,"column":41}},"81":{"start":{"line":274,"column":4},"end":{"line":276,"column":5}},"82":{"start":{"line":275,"column":6},"end":{"line":275,"column":38}},"83":{"start":{"line":277,"column":4},"end":{"line":277,"column":53}},"84":{"start":{"line":285,"column":2},"end":{"line":292,"column":3}},"85":{"start":{"line":286,"column":19},"end":{"line":286,"column":36}},"86":{"start":{"line":287,"column":18},"end":{"line":287,"column":35}},"87":{"start":{"line":288,"column":17},"end":{"line":288,"column":34}},"88":{"start":{"line":289,"column":17},"end":{"line":289,"column":34}},"89":{"start":{"line":290,"column":17},"end":{"line":290,"column":34}},"90":{"start":{"line":291,"column":13},"end":{"line":291,"column":27}},"91":{"start":{"line":299,"column":2},"end":{"line":299,"column":20}},"92":{"start":{"line":300,"column":2},"end":{"line":310,"column":3}},"93":{"start":{"line":301,"column":19},"end":{"line":301,"column":39}},"94":{"start":{"line":301,"column":40},"end":{"line":301,"column":46}},"95":{"start":{"line":302,"column":18},"end":{"line":302,"column":37}},"96":{"start":{"line":302,"column":38},"end":{"line":302,"column":44}},"97":{"start":{"line":303,"column":17},"end":{"line":303,"column":35}},"98":{"start":{"line":303,"column":36},"end":{"line":303,"column":42}},"99":{"start":{"line":304,"column":17},"end":{"line":304,"column":28}},"100":{"start":{"line":304,"column":29},"end":{"line":304,"column":35}},"101":{"start":{"line":306,"column":6},"end":{"line":306,"column":84}},"102":{"start":{"line":307,"column":6},"end":{"line":307,"column":47}},"103":{"start":{"line":308,"column":6},"end":{"line":308,"column":20}},"104":{"start":{"line":309,"column":6},"end":{"line":309,"column":12}},"105":{"start":{"line":317,"column":2},"end":{"line":326,"column":3}},"106":{"start":{"line":318,"column":20},"end":{"line":318,"column":37}},"107":{"start":{"line":319,"column":4},"end":{"line":325,"column":5}},"108":{"start":{"line":320,"column":6},"end":{"line":320,"column":37}},"109":{"start":{"line":321,"column":20},"end":{"line":321,"column":58}},"110":{"start":{"line":322,"column":6},"end":{"line":324,"column":7}},"111":{"start":{"line":323,"column":8},"end":{"line":323,"column":51}},"112":{"start":{"line":333,"column":2},"end":{"line":342,"column":3}},"113":{"start":{"line":334,"column":20},"end":{"line":334,"column":36}},"114":{"start":{"line":335,"column":4},"end":{"line":341,"column":5}},"115":{"start":{"line":336,"column":6},"end":{"line":336,"column":37}},"116":{"start":{"line":337,"column":20},"end":{"line":337,"column":58}},"117":{"start":{"line":338,"column":6},"end":{"line":340,"column":7}},"118":{"start":{"line":339,"column":8},"end":{"line":339,"column":51}},"119":{"start":{"line":343,"column":2},"end":{"line":343,"column":32}},"120":{"start":{"line":350,"column":15},"end":{"line":350,"column":30}},"121":{"start":{"line":351,"column":2},"end":{"line":351,"column":25}},"122":{"start":{"line":352,"column":2},"end":{"line":352,"column":32}},"123":{"start":{"line":353,"column":2},"end":{"line":353,"column":22}},"124":{"start":{"line":360,"column":2},"end":{"line":360,"column":42}},"125":{"start":{"line":367,"column":2},"end":{"line":367,"column":41}},"126":{"start":{"line":374,"column":2},"end":{"line":374,"column":44}},"127":{"start":{"line":374,"column":30},"end":{"line":374,"column":44}},"128":{"start":{"line":375,"column":2},"end":{"line":375,"column":46}},"129":{"start":{"line":375,"column":31},"end":{"line":375,"column":46}},"130":{"start":{"line":376,"column":2},"end":{"line":376,"column":18}},"131":{"start":{"line":380,"column":0},"end":{"line":397,"column":1}},"132":{"start":{"line":381,"column":2},"end":{"line":381,"column":39}},"133":{"start":{"line":382,"column":2},"end":{"line":382,"column":37}},"134":{"start":{"line":383,"column":2},"end":{"line":383,"column":43}},"135":{"start":{"line":384,"column":2},"end":{"line":384,"column":45}},"136":{"start":{"line":385,"column":2},"end":{"line":385,"column":43}},"137":{"start":{"line":386,"column":2},"end":{"line":386,"column":39}},"138":{"start":{"line":387,"column":2},"end":{"line":387,"column":61}},"139":{"start":{"line":388,"column":2},"end":{"line":388,"column":61}},"140":{"start":{"line":389,"column":2},"end":{"line":389,"column":37}},"141":{"start":{"line":390,"column":2},"end":{"line":390,"column":37}},"142":{"start":{"line":391,"column":2},"end":{"line":391,"column":47}},"143":{"start":{"line":392,"column":2},"end":{"line":392,"column":45}},"144":{"start":{"line":393,"column":2},"end":{"line":393,"column":41}},"145":{"start":{"line":394,"column":2},"end":{"line":394,"column":39}},"146":{"start":{"line":395,"column":2},"end":{"line":395,"column":37}},"147":{"start":{"line":396,"column":2},"end":{"line":396,"column":53}}},"fnMap":{"0":{"name":"startEliteBattle","decl":{"start":{"line":129,"column":9},"end":{"line":129,"column":25}},"loc":{"start":{"line":129,"column":28},"end":{"line":165,"column":1}},"line":129},"1":{"name":"startBossBattle","decl":{"start":{"line":170,"column":9},"end":{"line":170,"column":24}},"loc":{"start":{"line":170,"column":27},"end":{"line":198,"column":1}},"line":170},"2":{"name":"showBossIntro","decl":{"start":{"line":203,"column":9},"end":{"line":203,"column":22}},"loc":{"start":{"line":203,"column":33},"end":{"line":227,"column":1}},"line":203},"3":{"name":"(anonymous_3)","decl":{"start":{"line":213,"column":13},"end":{"line":213,"column":14}},"loc":{"start":{"line":213,"column":19},"end":{"line":226,"column":3}},"line":213},"4":{"name":"(anonymous_4)","decl":{"start":{"line":217,"column":15},"end":{"line":217,"column":16}},"loc":{"start":{"line":217,"column":21},"end":{"line":225,"column":5}},"line":217},"5":{"name":"initBattleStateForCombat","decl":{"start":{"line":232,"column":9},"end":{"line":232,"column":33}},"loc":{"start":{"line":232,"column":36},"end":{"line":249,"column":1}},"line":232},"6":{"name":"checkBossPhaseTransition","decl":{"start":{"line":254,"column":9},"end":{"line":254,"column":33}},"loc":{"start":{"line":254,"column":36},"end":{"line":279,"column":1}},"line":254},"7":{"name":"getNodeColor","decl":{"start":{"line":284,"column":9},"end":{"line":284,"column":21}},"loc":{"start":{"line":284,"column":32},"end":{"line":293,"column":1}},"line":284},"8":{"name":"enterNodeV62","decl":{"start":{"line":298,"column":9},"end":{"line":298,"c
[...]
78":{"start":{"line":148,"column":20},"end":{"line":149,"column":62}},"79":{"start":{"line":151,"column":4},"end":{"line":151,"column":71}},"80":{"start":{"line":156,"column":4},"end":{"line":156,"column":53}},"81":{"start":{"line":156,"column":46},"end":{"line":156,"column":53}},"82":{"start":{"line":159,"column":4},"end":{"line":163,"column":7}},"83":{"start":{"line":160,"column":21},"end":{"line":160,"column":46}},"84":{"start":{"line":161,"column":21},"end":{"line":161,"column":46}},"85":{"start":{"line":162,"column":6},"end":{"line":162,"column":29}},"86":{"start":{"line":165,"column":4},"end":{"line":165,"column":55}},"87":{"start":{"line":170,"column":4},"end":{"line":173,"column":8}},"88":{"start":{"line":170,"column":33},"end":{"line":173,"column":5}},"89":{"start":{"line":178,"column":18},"end":{"line":178,"column":57}},"90":{"start":{"line":178,"column":40},"end":{"line":178,"column":56}},"91":{"start":{"line":179,"column":4},"end":{"line":181,"column":5}},"92":{"start":{"line":180,"column":6},"end":{"line":180,"column":72}},"93":{"start":{"line":186,"column":4},"end":{"line":186,"column":30}},"94":{"start":{"line":191,"column":4},"end":{"line":195,"column":5}},"95":{"start":{"line":192,"column":6},"end":{"line":192,"column":68}},"96":{"start":{"line":194,"column":6},"end":{"line":194,"column":68}},"97":{"start":{"line":199,"column":4},"end":{"line":207,"column":5}},"98":{"start":{"line":200,"column":19},"end":{"line":200,"column":51}},"99":{"start":{"line":201,"column":6},"end":{"line":204,"column":7}},"100":{"start":{"line":202,"column":8},"end":{"line":202,"column":39}},"101":{"start":{"line":203,"column":8},"end":{"line":203,"column":80}},"102":{"start":{"line":206,"column":6},"end":{"line":206,"column":68}},"103":{"start":{"line":212,"column":0},"end":{"line":214,"column":1}},"104":{"start":{"line":213,"column":2},"end":{"line":213,"column":37}},"105":{"start":{"line":215,"column":0},"end":{"line":217,"column":1}},"106":{"start":{"line":216,"column":2},"end":{"line":216,"column":47}},"107":{"start":{"line":218,"column":0},"end":{"line":220,"column":1}},"108":{"start":{"line":219,"column":2},"end":{"line":219,"column":47}}},"fnMap":{"0":{"name":"(anonymous_0)","decl":{"start":{"line":7,"column":2},"end":{"line":7,"column":3}},"loc":{"start":{"line":7,"column":24},"end":{"line":17,"column":3}},"line":7},"1":{"name":"(anonymous_1)","decl":{"start":{"line":20,"column":2},"end":{"line":20,"column":3}},"loc":{"start":{"line":20,"column":46},"end":{"line":59,"column":3}},"line":20},"2":{"name":"(anonymous_2)","decl":{"start":{"line":29,"column":38},"end":{"line":29,"column":39}},"loc":{"start":{"line":30,"column":6},"end":{"line":31,"column":57}},"line":30},"3":{"name":"(anonymous_3)","decl":{"start":{"line":62,"column":2},"end":{"line":62,"column":3}},"loc":{"start":{"line":62,"column":25},"end":{"line":70,"column":3}},"line":62},"4":{"name":"(anonymous_4)","decl":{"start":{"line":73,"column":2},"end":{"line":73,"column":3}},"loc":{"start":{"line":73,"column":27},"end":{"line":103,"column":3}},"line":73},"5":{"name":"(anonymous_5)","decl":{"start":{"line":106,"column":2},"end":{"line":106,"column":3}},"loc":{"start":{"line":106,"column":51},"end":{"line":116,"column":3}},"line":106},"6":{"name":"(anonymous_6)","decl":{"start":{"line":119,"column":2},"end":{"line":119,"column":3}},"loc":{"start":{"line":119,"column":30},"end":{"line":136,"column":3}},"line":119},"7":{"name":"(anonymous_7)","decl":{"start":{"line":139,"column":2},"end":{"line":139,"column":3}},"loc":{"start":{"line":139,"column":42},"end":{"line":152,"column":3}},"line":139},"8":{"name":"(anonymous_8)","decl":{"start":{"line":155,"column":2},"end":{"line":155,"column":3}},"loc":{"start":{"line":155,"column":24},"end":{"line":166,"column":3}},"line":155},"9":{"name":"(anonymous_9)","decl":{"start":{"line":159,"column":21},"end":{"line":159,"column":22}},"loc":{"start":{"line":159,"column":31},"end":{"line":163,"column":5}},"line":159},"10":{"name":"(anonymous_10)","decl":{"start":{"line":169,"column":2},"end":{"line":169,"column":3}},"loc":{"start":{"line":169,"column":17},"end":{"line":174,"column":3}},"line":169},"11":{"name":"(anonymous_11)","decl":{"start":{"line":170,"column":27},"end":{"line":170,"column":28}},"loc":{"start":{"line":170,"column":33},"end":{"line":173,"column":5}},"line":170},"12":{"name":"(anonymous_12)","decl":{"start":{"line":177,"column":2},"end":{"line":177,"column":3}},"loc":{"start":{"line":177,"column":34},"end":{"line":182,"column":3}},"line":177},"13":{"name":"(anonymous_13)","decl":{"start":{"line":178,"column":35},"end":{"line":178,"column":36}},"loc":{"start":{"line":178,"column":40},"end":{"line":178,"column":56}},"line":178},"14":{"name":"(anonymous_14)","decl":{"start":{"line":185,"column":2},"end":{"line":185,"column":3}},"loc":{"start":{"line":185,"column":15},"end":{"line":187,"column":3}},"line":185},"15":{"name":"(anonymous_15)","decl":{"start":{"line":190,"column":2},"end":{"line":190,"column":3}},"loc":{"start":{"line":190,"column":16},"end":{"line":196,"column":3}},"line":190},"16":{"name":"(anonymous_16)","decl":{"start":{"line":198,"column":2},"end":{"line":198,"column":3}},"loc":{"start":{"line":198,"column":15},"end":{"line":208,"column":3}},"line":198}},"branchMap":{"0":{"loc":{"start":{"line":21,"column":4},"end":{"line":24,"column":5}},"type":"if","locations":[{"start":{"line":21,"column":4},"end":{"line":24,"column":5}},{"start":{},"end":{}}],"line":21},"1":{"loc":{"start":{"line":25,"column":4},"end":{"line":25,"column":68}},"type":"if","locations":[{"start":{"line":25,"column":4},"end":{"line":25,"column":68}},{"start":{},"end":{}}],"line":25},"2":{"loc":{"start":{"line":25,"column":8},"end":{"line":25,"column":54}},"type":"binary-expr","locations":[{"start":{"line":25,"column":8},"end":{"line":25,"column":16}},{"start":{"line":25,"column":20},"end":{"line":25,"column":54}}],"line":25},"3":{"loc":{"start":{"line":26,"column":4},"end":{"line":26,"column":62}},"type":"if","locations":[{"start":{"line":26,"column":4},"end":{"line":26,"column":62}},{"start":{},"end":{}}],"line":26},"4":{"loc":{"start":{"line":30,"column":6},"end":{"line":31,"column":57}},"type":"binary-expr","locations":[{"start":{"line":30,"column":6},"end":{"line":30,"column":33}},{"start":{"line":31,"column":6},"end":{"line":31,"column":57}}],"line":30},"5":{"loc":{"start":{"line":33,"column":4},"end":{"line":33,"column":30}},"type":"if","locations":[{"start":{"line":33,"column":4},"end":{"line":33,"column":30}},{"start":{},"end":{}}],"line":33},"6":{"loc":{"start":{"line":41,"column":24},"end":{"line":41,"column":46}},"type":"binary-expr","locations":[{"start":{"line":41,"column":24},"end":{"line":41,"column":40}},{"start":{"line":41,"column":44},"end":{"line":41,"column":46}}],"line":41},"7":{"loc":{"start":{"line":42,"column":25},"end":{"line":42,"column":98}},"type":"cond-expr","locations":[{"start":{"line":42,"column":53},"end":{"line":42,"column":56}},{"start":{"line":42,"column":60},"end":{"line":42,"column":97}}],"line":42},"8":{"loc":{"start":{"line":42,"column":60},"end":{"line":42,"column":97}},"type":"cond-expr","locations":[{"start":{"line":42,"column":88},"end":{"line":42,"column":91}},{"start":{"line":42,"column":94},"end":{"line":42,"column":97}}],"line":42},"9":{"loc":{"start":{"line":43,"column":23},"end":{"line":43,"column":62}},"type":"cond-expr","locations":[{"start":{"line":43,"column":53},"end":{"line":43,"column":56}},{"start":{"line":43,"column":59},"end":{"line":43,"column":62}}],"line":43},"10":{"loc":{"start":{"line":63,"column":21},"end":{"line":63,"column":54}},"type":"binary-expr","locations":[{"start":{"line":63,"column":21},"end":{"line":63,"column":48}},{"start":{"line":63,"column":52},"end":{"line":63,"column":54}}],"line":63},"11":{"loc":{"start":{"line":67,"column":6},"end":{"line":67,"column":42}},"type":"if","locations":[{"start":{"line":67,"column":6},"end":{"line":67,"column":42}},{"start":{},"end":{}}],"line":67},"12":{"loc":{"start":{"line":73,"column":13},"end":{"line":73,"column":25}},"type":"default-arg","locations":[{"start":{"line":73,"column":23},"end":{"line":73,"column":25}}],"line":73},"13":{"loc":{"start":{"line":74,"column":4},"end":{"line":77,"column":5}},"type":"if","locations":[{"start":{"line":74,"column":4},"end":{"line":77,"column":5}},{"start":{},"end":{}}],"line":74},"14":{"loc":{"start":{"line":79,"column":20},"end":{"line":79,"column":42}},"type":"binary-expr","locations":[{"start":{"line":79,"column":20},"end":{"line":79,"column":35}},{"start":{"line":79,"column":39},"end":{"line":79,"column":42}}],"line":79},"15":{"loc":{"start":{"line":80,"column":22},"end":{"line":80,"column":51}},"type":"binary-expr","locations":[{"start":{"line":80,"column":22},"end":{"line":80,"column":39}},{"start":{"line":80,"column":43},"end":{"line":80,"column":51}}],"line":80},"16":{"loc":{"start":{"line":81,"column":17},"end":{"line":81,"column":34}},"type":"binary-expr","locations":[{"start":{"line":81,"column":17},"end":{"line":81,"column":29}},{"start":{"line":81,"column":33},"end":{"line":81,"column":34}}],"line":81},"17":{"loc":{"start":{"line":87,"column":6},"end":{"line":87,"column":27}},"type":"if","locations":[{"start":{"line":87,"column":6},"end":{"line":87,"column":27}},{"start":{},"end":{}}],"line":87},"18":{"loc":{"start":{"line":89,"column":6},"end":{"line":92,"column":7}},"type":"if","locations":[{"start":{"line":89,"column":6},"end":{"line":92,"column":7}},{"start":{},"end":{}}],"line":89},"19":{"loc":{"start":{"line":89,"column":10},"end":{"line":89,"column":42}},"type":"binary-expr","locations":[{"start":{"line":89,"column":10},"end":{"line":89,"column":27}},{"start":{"line":89,"column":31},"end":{"line":89,"column":42}}],"line":89},"20":{"loc":{"start":{"line":95,"column":4},"end":{"line":100,"column":5}},"type":"if","locations":[{"start":{"line":95,"column":4},"end":{"line":100,"column":5}},{"start":{},"end":{}}],"line":95},"21":{"loc":{"start":{"line":111,"column":4},"end":{"line":111,"column":54}},"type":"if","locations":[{"start":{"line":111,"column":4},"end":{"line":111,"column":54}},{"start":{},"end":{}}],"line":111},"22":{"loc":{"start":{"line":112,"column":4},"end":{"line":112,"column":86}},"type":"if","locations":[{"start":{"line":112,"column":4},"end":{"line":112,"column":86}},{"start":{},"end":{}}],"line":112},"23":{"loc":{"start":{"line":112,"column":8},"end":{"line":112,"column":70}},"type":"binary-expr","locations":[{"start":{"line":112,"column":8},"end":{"line":112,"column":37}},{"start":{"line":112,"column":41},"end":{"line":112,"column":70}}],"line":112},"24":{"loc":{"start":{"line":113,"column":4},"end":{"line":113,"column":84}},"type":"if","locations":[{"start":{"line":113,"column":4},"end":{"line":113,"column":84}},{"start":{},"end":{}}],"line":113},"25":{"loc":{"start":{"line":113,"column":8},"end":{"line":113,"column":68}},"type":"binary-expr","locations":[{"start":{"line":113,"column":8},"end":{"line":113,"column":36}},{"start":{"line":113,"column":40},"end":{"line":113,"column":68}}],"line":113},"26":{"loc":{"start":{"line":124,"column":6},"end":{"line":124,"column":73}},"type":"if","locations":[{"start":{"line":124,"column":6},"end":{"line":124,"column":73}},{"start":{},"end":{}}],"line":124},"27":{"loc":{"start":{"line":124,"column":42},"end":{"line":124,"column":72}},"type":"binary-expr","locations":[{"start":{"line":124,"column":42},"end":{"line":124,"column":67}},{"start":{"line":124,"column":71},"end":{"line":124,"column":72}}],"line":124},"28":{"loc":{"start":{"line":125,"column":6},"end":{"line":125,"column":77}},"type":"if","locations":[{"start":{"line":125,"column":6},"end":{"line":125,"column":77}},{"start":{},"end":{}}],"line":125},"29":{"loc":{"start":{"line":125,"column":46},"end":{"line":125,"column":76}},"type":"binary-expr","locations":[{"start":{"line":125,"column":46},"end":{"line":125,"column":71}},{"start":{"line":125,"column":75},"end":{"line":125,"column":76}}],"line":125},"30":{"loc":{"start":{"line":126,"column":6},"end":{"line":128,"column":7}},"type":"if","locations":[{"start":{"line":126,"column":6},"end":{"line":128,"column":7}},{"start":{},"end":{}}],"line":126},"31":{"loc":{"start":{"line":146,"column":22},"end":{"line":147,"column":71}},"type":"cond-expr","locations":[{"start":{"line":146,"column":52},"end":{"line":146,"column":58}},{"start":{"line":147,"column":22},"end":{"line":147,"column":71}}],"line":146},"32":{"loc":{"start":{"line":147,"column":22},"end":{"line":147,"column":71}},"type":"cond-expr","locations":[{"start":{"line":147,"column":53},"end":{"line":147,"column":60}},{"start":{"line":147,"column":63},"end":{"line":147,"column":71}}],"line":147},"33":{"loc":{"start":{"line":148,"column":20},"end":{"line":149,"column":62}},"type":"cond-expr","locations":[{"start":{"line":148,"column":48},"end":{"line":148,"column":54}},{"start":{"line":149,"column":21},"end":{"line":149,"column":62}}],"line":148},"34":{"loc":{"start":{"line":149,"column":21},"end":{"line":149,"column":62}},"type":"cond-expr","locations":[{"start":{"line":149,"column":49},"end":{"line":149,"column":54}},{"start":{"line":149,"column":57},"end":{"line":149,"column":62}}],"line":149},"35":{"loc":{"start":{"line":151,"column":11},"end":{"line":151,"column":70}},"type":"binary-expr","locations":[{"start":{"line":151,"column":11},"end":{"line":151,"column":38}},{"start":{"line":151,"column":42},"end":{"line":151,"column":70}}],"line":151},"36":{"loc":{"start":{"line":156,"column":4},"end":{"line":156,"column":53}},"type":"if","locations":[{"start":{"line":156,"column":4},"end":{"line":156,"column":53}},{"start":{},"end":{}}],"line":156},"37":{"loc":{"start":{"line":172,"column":14},"end":{"line":172,"column":86}},"type":"binary-expr","locations":[{"start":{"line":172,"column":14},"end":{"line":172,"column":48}},{"start":{"line":172,"column":52},"end":{"line":172,"column":86}}],"line":172},"38":{"loc":{"start":{"line":179,"column":4},"end":{"line":181,"column":5}},"type":"if","locations":[{"start":{"line":179,"column":4},"end":{"line":181,"column":5}},{"start":{},"end":{}}],"line":179},"39":{"loc":{"start":{"line":179,"column":8},"end":{"line":179,"column":23}},"type":"binary-expr","locations":[{"start":{"line":179,"column":8},"end":{"line":179,"column":13}},{"start":{"line":179,"column":17},"end":{"line":179,"column":23}}],"line":179},"40":{"loc":{"start":{"line":201,"column":6},"end":{"line":204,"column":7}},"type":"if","locations":[{"start":{"line":201,"column":6},"end":{"line":204,"column":7}},{"start":{},"end":{}}],"line":201},"41":{"loc":{"start":{"line":212,"column":0},"end":{"line":214,"column":1}},"type":"if","locations":[{"start":{"line":212,"column":0},"end":{"line":214,"column":1}},{"start":{},"end":{}}],"line":212},"42":{"loc":{"start":{"line":212,"column":4},"end":{"line":212,"column":51}},"type":"binary-expr","locations":[{"start":{"line":212,"column":4},"end":{"line":212,"column":33}},{"start":{"line":212,"column":37},"end":{"line":212,"column":51}}],"line":212},"43":{"loc":{"start":{"line":215,"column":0},"end":{"line":217,"column":1}},"type":"if","locations":[{"start":{"line":215,"column":0},"end":{"line":217,"column":1}},{"start":{},"end":{}}],"line":215},"44":{"loc":{"start":{"line":218,"column":0},"end":{"line":220,"column":1}},"type":"if","locations":[{"start":{"line":218,"column":0},"end":{"line":220,"column":1}},{"start":{},"end":{}}],"line":218}},"s":{"0":0,"1":0,"2":0,"3":0,"4":0,"5":0,"6":0,"7":0,"8":0,"9":0,"10":0,"11":0,"12":0,"13":0,"14":0,"15":0,"16":0,"17":0,"18":0,"19":0,"20":0,"21":0,"22":0,"23":0,"24":0,"25":0,"26":0,"27":0,"28":0,"29":0,"30":0,"31":0,"32":0,"33":0,"34":0,"35":0,"36":0,"37":0,"38":0,"39":0,"40":0,"41":0,"42":0,"43":0,"44":0,"45":0,"46":0,"47":0,"48":0,"49":0,"50":0,"51":0,"52":0,"53":0,"54":0,"55":0,"56":0,"57":0,"58":0,"59":0,"60":0,"61":0,"62":0,"63":0,"64":0,"65":0,"66":0,"67":0,"68":0,"69":0,"70":0,"71":0,"72":0,"73":0,"74":0,"75":0,"76":0,"77":0,"78":0,"79":0,"80":0,"81":0,"82":0,"83":0,"84":0,"85":0,"86":0,"87":0,"88":0,"89":0,"90":0,"91":0,"92":0,"93":0,"94":0,"95":0,"96":0,"97":0,"98":0,"99":0,"100":0,"101":0,"102":0,"103":0,"104":0,"105":0,"106":0,"107":0,"108":0},"f":{"0":0,"1":0,"2":0,"3":0,"4":0,"5":0,"6":0,"7":0,"8":0,"9":0,"10":0,"11":0,"12":0,"13":0,"14":0,"15":0,"16":0},"b":{"0":[0,0],"1":[0,0],"2":[0,0],"3":[0,0],"4":[0,0],"5":[0,0],"6":[0,0],"7":[0,0],"8":[0,0],"9":[0,0],"10":[0,0],"11":[0,0],"12":[0],"13":[0,0],"14":[0,0],"15":[0,0],"16":[0,0],"17":[0,0],"18":[0,0],"19":[0,0],"20":[0,0],"21":[0,0],"22":[0,0],"23":[0,0],"24":[0,0],"25":[0,0],"26":[0,0],"27":[0,0],"28":[0,0],"29":[0,0],"30":[0,0],"31":[0,0],"32":[0,0],"33":[0,0],"34":[0,0],"35":[0,0],"36":[0,0],"37":[0,0],"38":[0,0],"39":[0,0],"40":[0,0],"41":[0,0],"42":[0,0],"43":[0,0],"44":[0,0]}}
,"/home/hermes/workspace-dev/proposals/card-game-prototype/vitest.config.js": {"path":"/home/hermes/workspace-dev/proposals/card-game-prototype/vitest.config.js","statementMap":{},"fnMap":{},"branchMap":{},"s":{},"f":{},"b":{}}
,"/home/hermes/workspace-dev/proposals/card-game-prototype/card-packs/balanced.js": {"path":"/home/hermes/workspace-dev/proposals/card-game-prototype/card-packs/balanced.js","statementMap":{"0":{"start":{"line":4,"column":0},"end":{"line":4,"column":44}},"1":{"start":{"line":5,"column":0},"end":{"line":139,"column":2}},"2":{"start":{"line":142,"column":0},"end":{"line":144,"column":1}},"3":{"start":{"line":143,"column":2},"end":{"line":143,"column":66}}},"fnMap":{},"branchMap":{"0":{"loc":{"start":{"line":4,"column":20},"end":{"line":4,"column":43}},"type":"binary-expr","locations":[{"start":{"line":4,"column":20},"end":{"line":4,"column":37}},{"start":{"line":4,"column":41},"end":{"line":4,"column":43}}],"line":4},"1":{"loc":{"start":{"line":142,"column":0},"end":{"line":144,"column":1}},"type":"if","locations":[{"start":{"line":142,"column":0},"end":{"line":144,"column":1}},{"start":{},"end":{}}],"line":142}},"s":{"0":0,"1":0,"2":0,"3":0},"f":{},"b":{"0":[0,0],"1":[0,0]}}
,"/home/hermes/workspace-dev/proposals/card-game-prototype/card-packs/ironclad.js": {"path":"/home/hermes/workspace-dev/proposals/card-game-prototype/card-packs/ironclad.js","statementMap":{"0":{"start":{"line":4,"column":0},"end":{"line":4,"column":44}},"1":{"start":{"line":5,"column":0},"end":{"line":84,"column":2}},"2":{"start":{"line":87,"column":0},"end":{"line":89,"column":1}},"3":{"start":{"line":88,"column":2},"end":{"line":88,"column":66}}},"fnMap":{},"branchMap":{"0":{"loc":{"start":{"line":4,"column":20},"end":{"line":4,"column":43}},"type":"binary-expr","locations":[{"start":{"line":4,"column":20},"end":{"line":4,"column":37}},{"start":{"line":4,"column":41},"end":{"line":4,"column":43}}],"line":4},"1":{"loc":{"start":{"line":87,"column":0},"end":{"line":89,"column":1}},"type":"if","locations":[{"start":{"line":87,"column":0},"end":{"line":89,"column":1}},{"start":{},"end":{}}],"line":87}},"s":{"0":0,"1":0,"2":0,"3":0},"f":{},"b":{"0":[0,0],"1":[0,0]}}
,"/home/hermes/workspace-dev/proposals/card-game-prototype/card-packs/starter.js": {"path":"/home/hermes/workspace-dev/proposals/card-game-prototype/card-packs/starter.js","statementMap":{"0":{"start":{"line":4,"column":0},"end":{"line":4,"column":44}},"1":{"start":{"line":5,"column":0},"end":{"line":37,"column":2}},"2":{"start":{"line":40,"column":0},"end":{"line":42,"column":1}},"3":{"start":{"line":41,"column":2},"end":{"line":41,"column":65}}},"fnMap":{},"branchMap":{"0":{"loc":{"start":{"line":4,"column":20},"end":{"line":4,"column":43}},"type":"binary-expr","locations":[{"start":{"line":4,"column":20},"end":{"line":4,"column":37}},{"start":{"line":4,"column":41},"end":{"line":4,"column":43}}],"line":4},"1":{"loc":{"start":{"line":40,"column":0},"end":{"line":42,"column":1}},"type":"if","locations":[{"start":{"line":40,"column":0},"end":{"line":42,"column":1}},{"start":{},"end":{}}],"line":40}},"s":{"0":0,"1":0,"2":0,"3":0},"f":{},"b":{"0":[0,0],"1":[0,0]}}
}
